============================= test session starts ==============================
platform linux -- Python 3.12.3, pytest-9.1.1, pluggy-1.6.0 -- /home/uche-nnodim/pizzasale_api/pizzasaleapi_venv/bin/python3
cachedir: .pytest_cache
rootdir: /home/uche-nnodim/pizzasale_api/product-service
plugins: anyio-4.14.1, asyncio-1.4.0
asyncio: mode=Mode.STRICT, debug=False, asyncio_default_fixture_loop_scope=None, asyncio_default_test_loop_scope=function
collecting ... collected 56 items

tests/test_category_routes.py::TestListCategories::test_empty_list PASSED [  1%]
tests/test_category_routes.py::TestListCategories::test_returns_active_categories PASSED [  3%]
tests/test_category_routes.py::TestListCategories::test_inactive_categories_excluded PASSED [  5%]
tests/test_category_routes.py::TestListCategories::test_ordered_by_display_order PASSED [  7%]
tests/test_category_routes.py::TestGetCategory::test_get_existing_category_200 FAILED [  8%]
tests/test_category_routes.py::TestGetCategory::test_get_nonexistent_category_404 FAILED [ 10%]
tests/test_category_routes.py::TestCreateCategory::test_staff_can_create_201 PASSED [ 12%]
tests/test_category_routes.py::TestCreateCategory::test_non_staff_forbidden_403 PASSED [ 14%]
tests/test_category_routes.py::TestCreateCategory::test_unauthenticated_401 PASSED [ 16%]
tests/test_category_routes.py::TestCreateCategory::test_missing_name_422 PASSED [ 17%]
tests/test_category_routes.py::TestUpdateCategory::test_staff_can_patch FAILED [ 19%]
tests/test_category_routes.py::TestUpdateCategory::test_patch_partial_leaves_other_fields FAILED [ 21%]
tests/test_category_routes.py::TestUpdateCategory::test_patch_nonexistent_404 FAILED [ 23%]
tests/test_category_routes.py::TestUpdateCategory::test_non_staff_patch_403 PASSED [ 25%]
tests/test_category_routes.py::TestDeleteCategory::test_staff_can_delete_204 FAILED [ 26%]
tests/test_category_routes.py::TestDeleteCategory::test_delete_removes_category FAILED [ 28%]
tests/test_category_routes.py::TestDeleteCategory::test_delete_nonexistent_404 FAILED [ 30%]
tests/test_category_routes.py::TestDeleteCategory::test_non_staff_delete_403 PASSED [ 32%]
tests/test_product_routes.py::TestListProducts::test_empty_list PASSED   [ 33%]
tests/test_product_routes.py::TestListProducts::test_returns_available_products FAILED [ 35%]
tests/test_product_routes.py::TestListProducts::test_unavailable_products_excluded FAILED [ 37%]
tests/test_product_routes.py::TestListProducts::test_filter_by_category_id FAILED [ 39%]
tests/test_product_routes.py::TestListProducts::test_response_includes_variants FAILED [ 41%]
tests/test_product_routes.py::TestGetProduct::test_get_existing_product_200 FAILED [ 42%]
tests/test_product_routes.py::TestGetProduct::test_get_product_includes_variants FAILED [ 44%]
tests/test_product_routes.py::TestGetProduct::test_get_nonexistent_product_404 FAILED [ 46%]
tests/test_product_routes.py::TestCreateProduct::test_staff_creates_product_with_variants_201 FAILED [ 48%]
tests/test_product_routes.py::TestCreateProduct::test_non_staff_forbidden_403 PASSED [ 50%]
tests/test_product_routes.py::TestCreateProduct::test_unauthenticated_401 PASSED [ 51%]
tests/test_product_routes.py::TestCreateProduct::test_invalid_size_enum_422 PASSED [ 53%]
tests/test_product_routes.py::TestCreateProduct::test_zero_price_rejected_422 PASSED [ 55%]
tests/test_product_routes.py::TestCreateProduct::test_missing_variants_422 PASSED [ 57%]
tests/test_product_routes.py::TestUpdateProduct::test_staff_patch_name FAILED [ 58%]
tests/test_product_routes.py::TestUpdateProduct::test_patch_availability FAILED [ 60%]
tests/test_product_routes.py::TestUpdateProduct::test_patch_nonexistent_404 FAILED [ 62%]
tests/test_product_routes.py::TestUpdateProduct::test_non_staff_patch_403 FAILED [ 64%]
tests/test_product_routes.py::TestDeleteProduct::test_staff_delete_204 FAILED [ 66%]
tests/test_product_routes.py::TestDeleteProduct::test_delete_removes_product FAILED [ 67%]
tests/test_product_routes.py::TestDeleteProduct::test_delete_cascades_to_variants FAILED [ 69%]
tests/test_product_routes.py::TestDeleteProduct::test_delete_nonexistent_404 FAILED [ 71%]
tests/test_product_routes.py::TestDeleteProduct::test_non_staff_delete_403 FAILED [ 73%]
tests/test_product_routes.py::test_health PASSED                         [ 75%]
tests/test_product_service.py::TestCategoryService::test_create_and_retrieve PASSED [ 76%]
tests/test_product_service.py::TestCategoryService::test_list_returns_only_active PASSED [ 78%]
tests/test_product_service.py::TestCategoryService::test_list_without_filter_includes_inactive PASSED [ 80%]
tests/test_product_service.py::TestCategoryService::test_list_ordered_by_display_order PASSED [ 82%]
tests/test_product_service.py::TestCategoryService::test_update_category PASSED [ 83%]
tests/test_product_service.py::TestCategoryService::test_delete_category PASSED [ 85%]
tests/test_product_service.py::TestCategoryService::test_get_nonexistent_returns_none PASSED [ 87%]
tests/test_product_service.py::TestProductService::test_create_product_with_variants FAILED [ 89%]
tests/test_product_service.py::TestProductService::test_list_returns_available_only FAILED [ 91%]
tests/test_product_service.py::TestProductService::test_list_filter_by_category FAILED [ 92%]
tests/test_product_service.py::TestProductService::test_get_product_includes_variants FAILED [ 94%]
tests/test_product_service.py::TestProductService::test_get_nonexistent_returns_none PASSED [ 96%]
tests/test_product_service.py::TestProductService::test_update_product FAILED [ 98%]
tests/test_product_service.py::TestProductService::test_delete_product FAILED [100%]

=================================== FAILURES ===================================
________________ TestGetCategory.test_get_existing_category_200 ________________

self = <sqlalchemy.engine.base.Connection object at 0x712711cb1970>
dialect = <sqlalchemy.dialects.sqlite.aiosqlite.SQLiteDialect_aiosqlite object at 0x712713f18620>
constructor = <bound method DefaultExecutionContext._init_compiled of <class 'sqlalchemy.dialects.sqlite.aiosqlite.SQLiteExecutionContext_aiosqlite'>>
statement = <sqlalchemy.dialects.sqlite.base.SQLiteCompiler object at 0x712711cb31d0>
parameters = [{}]
execution_options = immutabledict({'prebuffer_rows': True, '_result_disable_adapt_to_context': True})
args = (<sqlalchemy.dialects.sqlite.base.SQLiteCompiler object at 0x712711cb31d0>, [{}], <sqlalchemy.sql.selectable.Select object at 0x712711cb22d0>, [BindParameter('%(124412616185024 id)s', '019f0ff8-f70c-7677-bb82-b92c75366cb8', type_=UUID())])
kw = {'cache_hit': <CacheStats.CACHE_MISS: 1>}

    def _execute_context(
        self,
        dialect: Dialect,
        constructor: Callable[..., ExecutionContext],
        statement: Union[str, Compiled],
        parameters: Optional[_AnyMultiExecuteParams],
        execution_options: _ExecuteOptions,
        *args: Any,
        **kw: Any,
    ) -> CursorResult[Any]:
        """Create an :class:`.ExecutionContext` and execute, returning
        a :class:`_engine.CursorResult`."""
    
        if execution_options:
            yp = execution_options.get("yield_per", None)
            if yp:
                execution_options = execution_options.union(
                    {"stream_results": True, "max_row_buffer": yp}
                )
        try:
            conn = self._dbapi_connection
            if conn is None:
                conn = self._revalidate_connection()
    
>           context = constructor(
                dialect, self, conn, execution_options, *args, **kw
            )

../pizzasaleapi_venv/lib/python3.12/site-packages/sqlalchemy/engine/base.py:1817: 
_ _ _ _ _ _ _ _ _ _ _ _ _ _ _ _ _ _ _ _ _ _ _ _ _ _ _ _ _ _ _ _ _ _ _ _ _ _ _ _ 
../pizzasaleapi_venv/lib/python3.12/site-packages/sqlalchemy/engine/default.py:1496: in _init_compiled
    flattened_processors[key](compiled_params[key])
_ _ _ _ _ _ _ _ _ _ _ _ _ _ _ _ _ _ _ _ _ _ _ _ _ _ _ _ _ _ _ _ _ _ _ _ _ _ _ _ 

value = '019f0ff8-f70c-7677-bb82-b92c75366cb8'

    def process(value):
        if value is not None:
>           value = value.hex
                    ^^^^^^^^^
E           AttributeError: 'str' object has no attribute 'hex'

../pizzasaleapi_venv/lib/python3.12/site-packages/sqlalchemy/sql/sqltypes.py:3734: AttributeError

The above exception was the direct cause of the following exception:

self = <test_category_routes.TestGetCategory object at 0x712711daa300>
client = <httpx.AsyncClient object at 0x712711c2eed0>

    async def test_get_existing_category_200(self, client):
        cat = await create_category(client)
>       resp = await client.get(f"{CATEGORIES_URL}/{cat['id']}")
               ^^^^^^^^^^^^^^^^^^^^^^^^^^^^^^^^^^^^^^^^^^^^^^^^^

tests/test_category_routes.py:50: 
_ _ _ _ _ _ _ _ _ _ _ _ _ _ _ _ _ _ _ _ _ _ _ _ _ _ _ _ _ _ _ _ _ _ _ _ _ _ _ _ 
../pizzasaleapi_venv/lib/python3.12/site-packages/httpx/_client.py:1768: in get
    return await self.request(
../pizzasaleapi_venv/lib/python3.12/site-packages/httpx/_client.py:1540: in request
    return await self.send(request, auth=auth, follow_redirects=follow_redirects)
           ^^^^^^^^^^^^^^^^^^^^^^^^^^^^^^^^^^^^^^^^^^^^^^^^^^^^^^^^^^^^^^^^^^^^^^
../pizzasaleapi_venv/lib/python3.12/site-packages/httpx/_client.py:1629: in send
    response = await self._send_handling_auth(
../pizzasaleapi_venv/lib/python3.12/site-packages/httpx/_client.py:1657: in _send_handling_auth
    response = await self._send_handling_redirects(
../pizzasaleapi_venv/lib/python3.12/site-packages/httpx/_client.py:1694: in _send_handling_redirects
    response = await self._send_single_request(request)
               ^^^^^^^^^^^^^^^^^^^^^^^^^^^^^^^^^^^^^^^^
../pizzasaleapi_venv/lib/python3.12/site-packages/httpx/_client.py:1730: in _send_single_request
    response = await transport.handle_async_request(request)
               ^^^^^^^^^^^^^^^^^^^^^^^^^^^^^^^^^^^^^^^^^^^^^
../pizzasaleapi_venv/lib/python3.12/site-packages/httpx/_transports/asgi.py:170: in handle_async_request
    await self.app(scope, receive, send)
../pizzasaleapi_venv/lib/python3.12/site-packages/fastapi/applications.py:1163: in __call__
    await super().__call__(scope, receive, send)
../pizzasaleapi_venv/lib/python3.12/site-packages/starlette/applications.py:90: in __call__
    await self.middleware_stack(scope, receive, send)
../pizzasaleapi_venv/lib/python3.12/site-packages/starlette/middleware/errors.py:186: in __call__
    raise exc
../pizzasaleapi_venv/lib/python3.12/site-packages/starlette/middleware/errors.py:164: in __call__
    await self.app(scope, receive, _send)
../pizzasaleapi_venv/lib/python3.12/site-packages/starlette/middleware/exceptions.py:63: in __call__
    await wrap_app_handling_exceptions(self.app, conn)(scope, receive, send)
../pizzasaleapi_venv/lib/python3.12/site-packages/starlette/_exception_handler.py:53: in wrapped_app
    raise exc
../pizzasaleapi_venv/lib/python3.12/site-packages/starlette/_exception_handler.py:42: in wrapped_app
    await app(scope, receive, sender)
../pizzasaleapi_venv/lib/python3.12/site-packages/fastapi/middleware/asyncexitstack.py:18: in __call__
    await self.app(scope, receive, send)
../pizzasaleapi_venv/lib/python3.12/site-packages/starlette/routing.py:660: in __call__
    await self.middleware_stack(scope, receive, send)
../pizzasaleapi_venv/lib/python3.12/site-packages/fastapi/routing.py:2531: in app
    await route.handle(scope, receive, send)
../pizzasaleapi_venv/lib/python3.12/site-packages/fastapi/routing.py:1700: in handle
    await self.original_router.handle(scope, receive, send)
../pizzasaleapi_venv/lib/python3.12/site-packages/fastapi/routing.py:2586: in handle
    await included_router._handle_selected(scope, receive, send)
../pizzasaleapi_venv/lib/python3.12/site-packages/fastapi/routing.py:1720: in _handle_selected
    await original_route.handle(scope, receive, send)
../pizzasaleapi_venv/lib/python3.12/site-packages/fastapi/routing.py:1239: in handle
    await app(scope, receive, send)
../pizzasaleapi_venv/lib/python3.12/site-packages/fastapi/routing.py:150: in app
    await wrap_app_handling_exceptions(app, request)(scope, receive, send)
../pizzasaleapi_venv/lib/python3.12/site-packages/starlette/_exception_handler.py:53: in wrapped_app
    raise exc
../pizzasaleapi_venv/lib/python3.12/site-packages/starlette/_exception_handler.py:42: in wrapped_app
    await app(scope, receive, sender)
../pizzasaleapi_venv/lib/python3.12/site-packages/fastapi/routing.py:136: in app
    response = await f(request)
               ^^^^^^^^^^^^^^^^
../pizzasaleapi_venv/lib/python3.12/site-packages/fastapi/routing.py:690: in app
    raw_response = await run_endpoint_function(
../pizzasaleapi_venv/lib/python3.12/site-packages/fastapi/routing.py:344: in run_endpoint_function
    return await dependant.call(**values)
           ^^^^^^^^^^^^^^^^^^^^^^^^^^^^^^
app/api/category_routes.py:19: in get_category
    category = await CategoryService.get_category(db, category_id)
               ^^^^^^^^^^^^^^^^^^^^^^^^^^^^^^^^^^^^^^^^^^^^^^^^^^^
app/services/category_service.py:18: in get_category
    result = await db.execute(select(Category).where(Category.id == category_id))
             ^^^^^^^^^^^^^^^^^^^^^^^^^^^^^^^^^^^^^^^^^^^^^^^^^^^^^^^^^^^^^^^^^^^^
../pizzasaleapi_venv/lib/python3.12/site-packages/sqlalchemy/ext/asyncio/session.py:448: in execute
    result = await greenlet_spawn(
../pizzasaleapi_venv/lib/python3.12/site-packages/sqlalchemy/util/_concurrency_py3k.py:190: in greenlet_spawn
    result = context.switch(*args, **kwargs)
             ^^^^^^^^^^^^^^^^^^^^^^^^^^^^^^^
../pizzasaleapi_venv/lib/python3.12/site-packages/sqlalchemy/orm/session.py:2373: in execute
    return self._execute_internal(
../pizzasaleapi_venv/lib/python3.12/site-packages/sqlalchemy/orm/session.py:2271: in _execute_internal
    result: Result[Any] = compile_state_cls.orm_execute_statement(
../pizzasaleapi_venv/lib/python3.12/site-packages/sqlalchemy/orm/context.py:306: in orm_execute_statement
    result = conn.execute(
../pizzasaleapi_venv/lib/python3.12/site-packages/sqlalchemy/engine/base.py:1421: in execute
    return meth(
../pizzasaleapi_venv/lib/python3.12/site-packages/sqlalchemy/sql/elements.py:526: in _execute_on_connection
    return connection._execute_clauseelement(
../pizzasaleapi_venv/lib/python3.12/site-packages/sqlalchemy/engine/base.py:1643: in _execute_clauseelement
    ret = self._execute_context(
../pizzasaleapi_venv/lib/python3.12/site-packages/sqlalchemy/engine/base.py:1823: in _execute_context
    self._handle_dbapi_exception(
../pizzasaleapi_venv/lib/python3.12/site-packages/sqlalchemy/engine/base.py:2365: in _handle_dbapi_exception
    raise sqlalchemy_exception.with_traceback(exc_info[2]) from e
../pizzasaleapi_venv/lib/python3.12/site-packages/sqlalchemy/engine/base.py:1817: in _execute_context
    context = constructor(
../pizzasaleapi_venv/lib/python3.12/site-packages/sqlalchemy/engine/default.py:1496: in _init_compiled
    flattened_processors[key](compiled_params[key])
_ _ _ _ _ _ _ _ _ _ _ _ _ _ _ _ _ _ _ _ _ _ _ _ _ _ _ _ _ _ _ _ _ _ _ _ _ _ _ _ 

value = '019f0ff8-f70c-7677-bb82-b92c75366cb8'

    def process(value):
        if value is not None:
>           value = value.hex
                    ^^^^^^^^^
E           sqlalchemy.exc.StatementError: (builtins.AttributeError) 'str' object has no attribute 'hex'
E           [SQL: SELECT categories.id, categories.name, categories.display_order, categories.is_active, categories.created_at, categories.updated_at 
E           FROM categories 
E           WHERE categories.id = ?]
E           [parameters: [{}]]

../pizzasaleapi_venv/lib/python3.12/site-packages/sqlalchemy/sql/sqltypes.py:3734: StatementError
______________ TestGetCategory.test_get_nonexistent_category_404 _______________

self = <sqlalchemy.engine.base.Connection object at 0x712710b02060>
dialect = <sqlalchemy.dialects.sqlite.aiosqlite.SQLiteDialect_aiosqlite object at 0x712713f18620>
constructor = <bound method DefaultExecutionContext._init_compiled of <class 'sqlalchemy.dialects.sqlite.aiosqlite.SQLiteExecutionContext_aiosqlite'>>
statement = <sqlalchemy.dialects.sqlite.base.SQLiteCompiler object at 0x712711cb31d0>
parameters = [{}]
execution_options = immutabledict({'prebuffer_rows': True, '_result_disable_adapt_to_context': True})
args = (<sqlalchemy.dialects.sqlite.base.SQLiteCompiler object at 0x712711cb31d0>, [{}], <sqlalchemy.sql.selectable.Select object at 0x712711cb1c10>, [BindParameter('%(124412616193280 id)s', '52a7061c-6f17-4d31-aecf-12f73cfc07d8', type_=UUID())])
kw = {'cache_hit': <CacheStats.CACHE_HIT: 0>}

    def _execute_context(
        self,
        dialect: Dialect,
        constructor: Callable[..., ExecutionContext],
        statement: Union[str, Compiled],
        parameters: Optional[_AnyMultiExecuteParams],
        execution_options: _ExecuteOptions,
        *args: Any,
        **kw: Any,
    ) -> CursorResult[Any]:
        """Create an :class:`.ExecutionContext` and execute, returning
        a :class:`_engine.CursorResult`."""
    
        if execution_options:
            yp = execution_options.get("yield_per", None)
            if yp:
                execution_options = execution_options.union(
                    {"stream_results": True, "max_row_buffer": yp}
                )
        try:
            conn = self._dbapi_connection
            if conn is None:
                conn = self._revalidate_connection()
    
>           context = constructor(
                dialect, self, conn, execution_options, *args, **kw
            )

../pizzasaleapi_venv/lib/python3.12/site-packages/sqlalchemy/engine/base.py:1817: 
_ _ _ _ _ _ _ _ _ _ _ _ _ _ _ _ _ _ _ _ _ _ _ _ _ _ _ _ _ _ _ _ _ _ _ _ _ _ _ _ 
../pizzasaleapi_venv/lib/python3.12/site-packages/sqlalchemy/engine/default.py:1496: in _init_compiled
    flattened_processors[key](compiled_params[key])
_ _ _ _ _ _ _ _ _ _ _ _ _ _ _ _ _ _ _ _ _ _ _ _ _ _ _ _ _ _ _ _ _ _ _ _ _ _ _ _ 

value = '52a7061c-6f17-4d31-aecf-12f73cfc07d8'

    def process(value):
        if value is not None:
>           value = value.hex
                    ^^^^^^^^^
E           AttributeError: 'str' object has no attribute 'hex'

../pizzasaleapi_venv/lib/python3.12/site-packages/sqlalchemy/sql/sqltypes.py:3734: AttributeError

The above exception was the direct cause of the following exception:

self = <test_category_routes.TestGetCategory object at 0x712711daaf30>
client = <httpx.AsyncClient object at 0x712711cef1a0>

    async def test_get_nonexistent_category_404(self, client):
        import uuid
>       resp = await client.get(f"{CATEGORIES_URL}/{uuid.uuid4()}")
               ^^^^^^^^^^^^^^^^^^^^^^^^^^^^^^^^^^^^^^^^^^^^^^^^^^^^

tests/test_category_routes.py:56: 
_ _ _ _ _ _ _ _ _ _ _ _ _ _ _ _ _ _ _ _ _ _ _ _ _ _ _ _ _ _ _ _ _ _ _ _ _ _ _ _ 
../pizzasaleapi_venv/lib/python3.12/site-packages/httpx/_client.py:1768: in get
    return await self.request(
../pizzasaleapi_venv/lib/python3.12/site-packages/httpx/_client.py:1540: in request
    return await self.send(request, auth=auth, follow_redirects=follow_redirects)
           ^^^^^^^^^^^^^^^^^^^^^^^^^^^^^^^^^^^^^^^^^^^^^^^^^^^^^^^^^^^^^^^^^^^^^^
../pizzasaleapi_venv/lib/python3.12/site-packages/httpx/_client.py:1629: in send
    response = await self._send_handling_auth(
../pizzasaleapi_venv/lib/python3.12/site-packages/httpx/_client.py:1657: in _send_handling_auth
    response = await self._send_handling_redirects(
../pizzasaleapi_venv/lib/python3.12/site-packages/httpx/_client.py:1694: in _send_handling_redirects
    response = await self._send_single_request(request)
               ^^^^^^^^^^^^^^^^^^^^^^^^^^^^^^^^^^^^^^^^
../pizzasaleapi_venv/lib/python3.12/site-packages/httpx/_client.py:1730: in _send_single_request
    response = await transport.handle_async_request(request)
               ^^^^^^^^^^^^^^^^^^^^^^^^^^^^^^^^^^^^^^^^^^^^^
../pizzasaleapi_venv/lib/python3.12/site-packages/httpx/_transports/asgi.py:170: in handle_async_request
    await self.app(scope, receive, send)
../pizzasaleapi_venv/lib/python3.12/site-packages/fastapi/applications.py:1163: in __call__
    await super().__call__(scope, receive, send)
../pizzasaleapi_venv/lib/python3.12/site-packages/starlette/applications.py:90: in __call__
    await self.middleware_stack(scope, receive, send)
../pizzasaleapi_venv/lib/python3.12/site-packages/starlette/middleware/errors.py:186: in __call__
    raise exc
../pizzasaleapi_venv/lib/python3.12/site-packages/starlette/middleware/errors.py:164: in __call__
    await self.app(scope, receive, _send)
../pizzasaleapi_venv/lib/python3.12/site-packages/starlette/middleware/exceptions.py:63: in __call__
    await wrap_app_handling_exceptions(self.app, conn)(scope, receive, send)
../pizzasaleapi_venv/lib/python3.12/site-packages/starlette/_exception_handler.py:53: in wrapped_app
    raise exc
../pizzasaleapi_venv/lib/python3.12/site-packages/starlette/_exception_handler.py:42: in wrapped_app
    await app(scope, receive, sender)
../pizzasaleapi_venv/lib/python3.12/site-packages/fastapi/middleware/asyncexitstack.py:18: in __call__
    await self.app(scope, receive, send)
../pizzasaleapi_venv/lib/python3.12/site-packages/starlette/routing.py:660: in __call__
    await self.middleware_stack(scope, receive, send)
../pizzasaleapi_venv/lib/python3.12/site-packages/fastapi/routing.py:2531: in app
    await route.handle(scope, receive, send)
../pizzasaleapi_venv/lib/python3.12/site-packages/fastapi/routing.py:1700: in handle
    await self.original_router.handle(scope, receive, send)
../pizzasaleapi_venv/lib/python3.12/site-packages/fastapi/routing.py:2586: in handle
    await included_router._handle_selected(scope, receive, send)
../pizzasaleapi_venv/lib/python3.12/site-packages/fastapi/routing.py:1720: in _handle_selected
    await original_route.handle(scope, receive, send)
../pizzasaleapi_venv/lib/python3.12/site-packages/fastapi/routing.py:1239: in handle
    await app(scope, receive, send)
../pizzasaleapi_venv/lib/python3.12/site-packages/fastapi/routing.py:150: in app
    await wrap_app_handling_exceptions(app, request)(scope, receive, send)
../pizzasaleapi_venv/lib/python3.12/site-packages/starlette/_exception_handler.py:53: in wrapped_app
    raise exc
../pizzasaleapi_venv/lib/python3.12/site-packages/starlette/_exception_handler.py:42: in wrapped_app
    await app(scope, receive, sender)
../pizzasaleapi_venv/lib/python3.12/site-packages/fastapi/routing.py:136: in app
    response = await f(request)
               ^^^^^^^^^^^^^^^^
../pizzasaleapi_venv/lib/python3.12/site-packages/fastapi/routing.py:690: in app
    raw_response = await run_endpoint_function(
../pizzasaleapi_venv/lib/python3.12/site-packages/fastapi/routing.py:344: in run_endpoint_function
    return await dependant.call(**values)
           ^^^^^^^^^^^^^^^^^^^^^^^^^^^^^^
app/api/category_routes.py:19: in get_category
    category = await CategoryService.get_category(db, category_id)
               ^^^^^^^^^^^^^^^^^^^^^^^^^^^^^^^^^^^^^^^^^^^^^^^^^^^
app/services/category_service.py:18: in get_category
    result = await db.execute(select(Category).where(Category.id == category_id))
             ^^^^^^^^^^^^^^^^^^^^^^^^^^^^^^^^^^^^^^^^^^^^^^^^^^^^^^^^^^^^^^^^^^^^
../pizzasaleapi_venv/lib/python3.12/site-packages/sqlalchemy/ext/asyncio/session.py:448: in execute
    result = await greenlet_spawn(
../pizzasaleapi_venv/lib/python3.12/site-packages/sqlalchemy/util/_concurrency_py3k.py:190: in greenlet_spawn
    result = context.switch(*args, **kwargs)
             ^^^^^^^^^^^^^^^^^^^^^^^^^^^^^^^
../pizzasaleapi_venv/lib/python3.12/site-packages/sqlalchemy/orm/session.py:2373: in execute
    return self._execute_internal(
../pizzasaleapi_venv/lib/python3.12/site-packages/sqlalchemy/orm/session.py:2271: in _execute_internal
    result: Result[Any] = compile_state_cls.orm_execute_statement(
../pizzasaleapi_venv/lib/python3.12/site-packages/sqlalchemy/orm/context.py:306: in orm_execute_statement
    result = conn.execute(
../pizzasaleapi_venv/lib/python3.12/site-packages/sqlalchemy/engine/base.py:1421: in execute
    return meth(
../pizzasaleapi_venv/lib/python3.12/site-packages/sqlalchemy/sql/elements.py:526: in _execute_on_connection
    return connection._execute_clauseelement(
../pizzasaleapi_venv/lib/python3.12/site-packages/sqlalchemy/engine/base.py:1643: in _execute_clauseelement
    ret = self._execute_context(
../pizzasaleapi_venv/lib/python3.12/site-packages/sqlalchemy/engine/base.py:1823: in _execute_context
    self._handle_dbapi_exception(
../pizzasaleapi_venv/lib/python3.12/site-packages/sqlalchemy/engine/base.py:2365: in _handle_dbapi_exception
    raise sqlalchemy_exception.with_traceback(exc_info[2]) from e
../pizzasaleapi_venv/lib/python3.12/site-packages/sqlalchemy/engine/base.py:1817: in _execute_context
    context = constructor(
../pizzasaleapi_venv/lib/python3.12/site-packages/sqlalchemy/engine/default.py:1496: in _init_compiled
    flattened_processors[key](compiled_params[key])
_ _ _ _ _ _ _ _ _ _ _ _ _ _ _ _ _ _ _ _ _ _ _ _ _ _ _ _ _ _ _ _ _ _ _ _ _ _ _ _ 

value = '52a7061c-6f17-4d31-aecf-12f73cfc07d8'

    def process(value):
        if value is not None:
>           value = value.hex
                    ^^^^^^^^^
E           sqlalchemy.exc.StatementError: (builtins.AttributeError) 'str' object has no attribute 'hex'
E           [SQL: SELECT categories.id, categories.name, categories.display_order, categories.is_active, categories.created_at, categories.updated_at 
E           FROM categories 
E           WHERE categories.id = ?]
E           [parameters: [{}]]

../pizzasaleapi_venv/lib/python3.12/site-packages/sqlalchemy/sql/sqltypes.py:3734: StatementError
___________________ TestUpdateCategory.test_staff_can_patch ____________________

self = <sqlalchemy.engine.base.Connection object at 0x7127104e8770>
dialect = <sqlalchemy.dialects.sqlite.aiosqlite.SQLiteDialect_aiosqlite object at 0x712713f18620>
constructor = <bound method DefaultExecutionContext._init_compiled of <class 'sqlalchemy.dialects.sqlite.aiosqlite.SQLiteExecutionContext_aiosqlite'>>
statement = <sqlalchemy.dialects.sqlite.base.SQLiteCompiler object at 0x712711cb31d0>
parameters = [{}]
execution_options = immutabledict({'prebuffer_rows': True, '_result_disable_adapt_to_context': True})
args = (<sqlalchemy.dialects.sqlite.base.SQLiteCompiler object at 0x712711cb31d0>, [{}], <sqlalchemy.sql.selectable.Select object at 0x7127104e9730>, [BindParameter('%(124412591245264 id)s', '019f0ff9-0767-78ef-b729-e65628b6e6b7', type_=UUID())])
kw = {'cache_hit': <CacheStats.CACHE_HIT: 0>}

    def _execute_context(
        self,
        dialect: Dialect,
        constructor: Callable[..., ExecutionContext],
        statement: Union[str, Compiled],
        parameters: Optional[_AnyMultiExecuteParams],
        execution_options: _ExecuteOptions,
        *args: Any,
        **kw: Any,
    ) -> CursorResult[Any]:
        """Create an :class:`.ExecutionContext` and execute, returning
        a :class:`_engine.CursorResult`."""
    
        if execution_options:
            yp = execution_options.get("yield_per", None)
            if yp:
                execution_options = execution_options.union(
                    {"stream_results": True, "max_row_buffer": yp}
                )
        try:
            conn = self._dbapi_connection
            if conn is None:
                conn = self._revalidate_connection()
    
>           context = constructor(
                dialect, self, conn, execution_options, *args, **kw
            )

../pizzasaleapi_venv/lib/python3.12/site-packages/sqlalchemy/engine/base.py:1817: 
_ _ _ _ _ _ _ _ _ _ _ _ _ _ _ _ _ _ _ _ _ _ _ _ _ _ _ _ _ _ _ _ _ _ _ _ _ _ _ _ 
../pizzasaleapi_venv/lib/python3.12/site-packages/sqlalchemy/engine/default.py:1496: in _init_compiled
    flattened_processors[key](compiled_params[key])
_ _ _ _ _ _ _ _ _ _ _ _ _ _ _ _ _ _ _ _ _ _ _ _ _ _ _ _ _ _ _ _ _ _ _ _ _ _ _ _ 

value = '019f0ff9-0767-78ef-b729-e65628b6e6b7'

    def process(value):
        if value is not None:
>           value = value.hex
                    ^^^^^^^^^
E           AttributeError: 'str' object has no attribute 'hex'

../pizzasaleapi_venv/lib/python3.12/site-packages/sqlalchemy/sql/sqltypes.py:3734: AttributeError

The above exception was the direct cause of the following exception:

self = <test_category_routes.TestUpdateCategory object at 0x712711de81d0>
client = <httpx.AsyncClient object at 0x712710a2bc80>

    async def test_staff_can_patch(self, client):
        cat = await create_category(client, name="Old Name")
        token = make_staff_token()
>       resp = await client.patch(
            f"{CATEGORIES_URL}/{cat['id']}",
            json={"name": "New Name"},
            headers={"Authorization": f"Bearer {token}"},
        )

tests/test_category_routes.py:107: 
_ _ _ _ _ _ _ _ _ _ _ _ _ _ _ _ _ _ _ _ _ _ _ _ _ _ _ _ _ _ _ _ _ _ _ _ _ _ _ _ 
../pizzasaleapi_venv/lib/python3.12/site-packages/httpx/_client.py:1933: in patch
    return await self.request(
../pizzasaleapi_venv/lib/python3.12/site-packages/httpx/_client.py:1540: in request
    return await self.send(request, auth=auth, follow_redirects=follow_redirects)
           ^^^^^^^^^^^^^^^^^^^^^^^^^^^^^^^^^^^^^^^^^^^^^^^^^^^^^^^^^^^^^^^^^^^^^^
../pizzasaleapi_venv/lib/python3.12/site-packages/httpx/_client.py:1629: in send
    response = await self._send_handling_auth(
../pizzasaleapi_venv/lib/python3.12/site-packages/httpx/_client.py:1657: in _send_handling_auth
    response = await self._send_handling_redirects(
../pizzasaleapi_venv/lib/python3.12/site-packages/httpx/_client.py:1694: in _send_handling_redirects
    response = await self._send_single_request(request)
               ^^^^^^^^^^^^^^^^^^^^^^^^^^^^^^^^^^^^^^^^
../pizzasaleapi_venv/lib/python3.12/site-packages/httpx/_client.py:1730: in _send_single_request
    response = await transport.handle_async_request(request)
               ^^^^^^^^^^^^^^^^^^^^^^^^^^^^^^^^^^^^^^^^^^^^^
../pizzasaleapi_venv/lib/python3.12/site-packages/httpx/_transports/asgi.py:170: in handle_async_request
    await self.app(scope, receive, send)
../pizzasaleapi_venv/lib/python3.12/site-packages/fastapi/applications.py:1163: in __call__
    await super().__call__(scope, receive, send)
../pizzasaleapi_venv/lib/python3.12/site-packages/starlette/applications.py:90: in __call__
    await self.middleware_stack(scope, receive, send)
../pizzasaleapi_venv/lib/python3.12/site-packages/starlette/middleware/errors.py:186: in __call__
    raise exc
../pizzasaleapi_venv/lib/python3.12/site-packages/starlette/middleware/errors.py:164: in __call__
    await self.app(scope, receive, _send)
../pizzasaleapi_venv/lib/python3.12/site-packages/starlette/middleware/exceptions.py:63: in __call__
    await wrap_app_handling_exceptions(self.app, conn)(scope, receive, send)
../pizzasaleapi_venv/lib/python3.12/site-packages/starlette/_exception_handler.py:53: in wrapped_app
    raise exc
../pizzasaleapi_venv/lib/python3.12/site-packages/starlette/_exception_handler.py:42: in wrapped_app
    await app(scope, receive, sender)
../pizzasaleapi_venv/lib/python3.12/site-packages/fastapi/middleware/asyncexitstack.py:18: in __call__
    await self.app(scope, receive, send)
../pizzasaleapi_venv/lib/python3.12/site-packages/starlette/routing.py:660: in __call__
    await self.middleware_stack(scope, receive, send)
../pizzasaleapi_venv/lib/python3.12/site-packages/fastapi/routing.py:2531: in app
    await route.handle(scope, receive, send)
../pizzasaleapi_venv/lib/python3.12/site-packages/fastapi/routing.py:1700: in handle
    await self.original_router.handle(scope, receive, send)
../pizzasaleapi_venv/lib/python3.12/site-packages/fastapi/routing.py:2586: in handle
    await included_router._handle_selected(scope, receive, send)
../pizzasaleapi_venv/lib/python3.12/site-packages/fastapi/routing.py:1720: in _handle_selected
    await original_route.handle(scope, receive, send)
../pizzasaleapi_venv/lib/python3.12/site-packages/fastapi/routing.py:1239: in handle
    await app(scope, receive, send)
../pizzasaleapi_venv/lib/python3.12/site-packages/fastapi/routing.py:150: in app
    await wrap_app_handling_exceptions(app, request)(scope, receive, send)
../pizzasaleapi_venv/lib/python3.12/site-packages/starlette/_exception_handler.py:53: in wrapped_app
    raise exc
../pizzasaleapi_venv/lib/python3.12/site-packages/starlette/_exception_handler.py:42: in wrapped_app
    await app(scope, receive, sender)
../pizzasaleapi_venv/lib/python3.12/site-packages/fastapi/routing.py:136: in app
    response = await f(request)
               ^^^^^^^^^^^^^^^^
../pizzasaleapi_venv/lib/python3.12/site-packages/fastapi/routing.py:690: in app
    raw_response = await run_endpoint_function(
../pizzasaleapi_venv/lib/python3.12/site-packages/fastapi/routing.py:344: in run_endpoint_function
    return await dependant.call(**values)
           ^^^^^^^^^^^^^^^^^^^^^^^^^^^^^^
app/api/category_routes.py:32: in update_category
    category = await CategoryService.get_category(db, category_id)
               ^^^^^^^^^^^^^^^^^^^^^^^^^^^^^^^^^^^^^^^^^^^^^^^^^^^
app/services/category_service.py:18: in get_category
    result = await db.execute(select(Category).where(Category.id == category_id))
             ^^^^^^^^^^^^^^^^^^^^^^^^^^^^^^^^^^^^^^^^^^^^^^^^^^^^^^^^^^^^^^^^^^^^
../pizzasaleapi_venv/lib/python3.12/site-packages/sqlalchemy/ext/asyncio/session.py:448: in execute
    result = await greenlet_spawn(
../pizzasaleapi_venv/lib/python3.12/site-packages/sqlalchemy/util/_concurrency_py3k.py:190: in greenlet_spawn
    result = context.switch(*args, **kwargs)
             ^^^^^^^^^^^^^^^^^^^^^^^^^^^^^^^
../pizzasaleapi_venv/lib/python3.12/site-packages/sqlalchemy/orm/session.py:2373: in execute
    return self._execute_internal(
../pizzasaleapi_venv/lib/python3.12/site-packages/sqlalchemy/orm/session.py:2271: in _execute_internal
    result: Result[Any] = compile_state_cls.orm_execute_statement(
../pizzasaleapi_venv/lib/python3.12/site-packages/sqlalchemy/orm/context.py:306: in orm_execute_statement
    result = conn.execute(
../pizzasaleapi_venv/lib/python3.12/site-packages/sqlalchemy/engine/base.py:1421: in execute
    return meth(
../pizzasaleapi_venv/lib/python3.12/site-packages/sqlalchemy/sql/elements.py:526: in _execute_on_connection
    return connection._execute_clauseelement(
../pizzasaleapi_venv/lib/python3.12/site-packages/sqlalchemy/engine/base.py:1643: in _execute_clauseelement
    ret = self._execute_context(
../pizzasaleapi_venv/lib/python3.12/site-packages/sqlalchemy/engine/base.py:1823: in _execute_context
    self._handle_dbapi_exception(
../pizzasaleapi_venv/lib/python3.12/site-packages/sqlalchemy/engine/base.py:2365: in _handle_dbapi_exception
    raise sqlalchemy_exception.with_traceback(exc_info[2]) from e
../pizzasaleapi_venv/lib/python3.12/site-packages/sqlalchemy/engine/base.py:1817: in _execute_context
    context = constructor(
../pizzasaleapi_venv/lib/python3.12/site-packages/sqlalchemy/engine/default.py:1496: in _init_compiled
    flattened_processors[key](compiled_params[key])
_ _ _ _ _ _ _ _ _ _ _ _ _ _ _ _ _ _ _ _ _ _ _ _ _ _ _ _ _ _ _ _ _ _ _ _ _ _ _ _ 

value = '019f0ff9-0767-78ef-b729-e65628b6e6b7'

    def process(value):
        if value is not None:
>           value = value.hex
                    ^^^^^^^^^
E           sqlalchemy.exc.StatementError: (builtins.AttributeError) 'str' object has no attribute 'hex'
E           [SQL: SELECT categories.id, categories.name, categories.display_order, categories.is_active, categories.created_at, categories.updated_at 
E           FROM categories 
E           WHERE categories.id = ?]
E           [parameters: [{}]]

../pizzasaleapi_venv/lib/python3.12/site-packages/sqlalchemy/sql/sqltypes.py:3734: StatementError
__________ TestUpdateCategory.test_patch_partial_leaves_other_fields ___________

self = <sqlalchemy.engine.base.Connection object at 0x7127104eb0e0>
dialect = <sqlalchemy.dialects.sqlite.aiosqlite.SQLiteDialect_aiosqlite object at 0x712713f18620>
constructor = <bound method DefaultExecutionContext._init_compiled of <class 'sqlalchemy.dialects.sqlite.aiosqlite.SQLiteExecutionContext_aiosqlite'>>
statement = <sqlalchemy.dialects.sqlite.base.SQLiteCompiler object at 0x712711cb31d0>
parameters = [{}]
execution_options = immutabledict({'prebuffer_rows': True, '_result_disable_adapt_to_context': True})
args = (<sqlalchemy.dialects.sqlite.base.SQLiteCompiler object at 0x712711cb31d0>, [{}], <sqlalchemy.sql.selectable.Select object at 0x7127104eb770>, [BindParameter('%(124412591257744 id)s', '019f0ff9-0d02-7408-9d5b-9545e2509075', type_=UUID())])
kw = {'cache_hit': <CacheStats.CACHE_HIT: 0>}

    def _execute_context(
        self,
        dialect: Dialect,
        constructor: Callable[..., ExecutionContext],
        statement: Union[str, Compiled],
        parameters: Optional[_AnyMultiExecuteParams],
        execution_options: _ExecuteOptions,
        *args: Any,
        **kw: Any,
    ) -> CursorResult[Any]:
        """Create an :class:`.ExecutionContext` and execute, returning
        a :class:`_engine.CursorResult`."""
    
        if execution_options:
            yp = execution_options.get("yield_per", None)
            if yp:
                execution_options = execution_options.union(
                    {"stream_results": True, "max_row_buffer": yp}
                )
        try:
            conn = self._dbapi_connection
            if conn is None:
                conn = self._revalidate_connection()
    
>           context = constructor(
                dialect, self, conn, execution_options, *args, **kw
            )

../pizzasaleapi_venv/lib/python3.12/site-packages/sqlalchemy/engine/base.py:1817: 
_ _ _ _ _ _ _ _ _ _ _ _ _ _ _ _ _ _ _ _ _ _ _ _ _ _ _ _ _ _ _ _ _ _ _ _ _ _ _ _ 
../pizzasaleapi_venv/lib/python3.12/site-packages/sqlalchemy/engine/default.py:1496: in _init_compiled
    flattened_processors[key](compiled_params[key])
_ _ _ _ _ _ _ _ _ _ _ _ _ _ _ _ _ _ _ _ _ _ _ _ _ _ _ _ _ _ _ _ _ _ _ _ _ _ _ _ 

value = '019f0ff9-0d02-7408-9d5b-9545e2509075'

    def process(value):
        if value is not None:
>           value = value.hex
                    ^^^^^^^^^
E           AttributeError: 'str' object has no attribute 'hex'

../pizzasaleapi_venv/lib/python3.12/site-packages/sqlalchemy/sql/sqltypes.py:3734: AttributeError

The above exception was the direct cause of the following exception:

self = <test_category_routes.TestUpdateCategory object at 0x712711de85c0>
client = <httpx.AsyncClient object at 0x7127104eb1d0>

    async def test_patch_partial_leaves_other_fields(self, client):
        cat = await create_category(client, name="Pizzas", display_order=5)
        token = make_staff_token()
>       await client.patch(
            f"{CATEGORIES_URL}/{cat['id']}",
            json={"is_active": False},
            headers={"Authorization": f"Bearer {token}"},
        )

tests/test_category_routes.py:118: 
_ _ _ _ _ _ _ _ _ _ _ _ _ _ _ _ _ _ _ _ _ _ _ _ _ _ _ _ _ _ _ _ _ _ _ _ _ _ _ _ 
../pizzasaleapi_venv/lib/python3.12/site-packages/httpx/_client.py:1933: in patch
    return await self.request(
../pizzasaleapi_venv/lib/python3.12/site-packages/httpx/_client.py:1540: in request
    return await self.send(request, auth=auth, follow_redirects=follow_redirects)
           ^^^^^^^^^^^^^^^^^^^^^^^^^^^^^^^^^^^^^^^^^^^^^^^^^^^^^^^^^^^^^^^^^^^^^^
../pizzasaleapi_venv/lib/python3.12/site-packages/httpx/_client.py:1629: in send
    response = await self._send_handling_auth(
../pizzasaleapi_venv/lib/python3.12/site-packages/httpx/_client.py:1657: in _send_handling_auth
    response = await self._send_handling_redirects(
../pizzasaleapi_venv/lib/python3.12/site-packages/httpx/_client.py:1694: in _send_handling_redirects
    response = await self._send_single_request(request)
               ^^^^^^^^^^^^^^^^^^^^^^^^^^^^^^^^^^^^^^^^
../pizzasaleapi_venv/lib/python3.12/site-packages/httpx/_client.py:1730: in _send_single_request
    response = await transport.handle_async_request(request)
               ^^^^^^^^^^^^^^^^^^^^^^^^^^^^^^^^^^^^^^^^^^^^^
../pizzasaleapi_venv/lib/python3.12/site-packages/httpx/_transports/asgi.py:170: in handle_async_request
    await self.app(scope, receive, send)
../pizzasaleapi_venv/lib/python3.12/site-packages/fastapi/applications.py:1163: in __call__
    await super().__call__(scope, receive, send)
../pizzasaleapi_venv/lib/python3.12/site-packages/starlette/applications.py:90: in __call__
    await self.middleware_stack(scope, receive, send)
../pizzasaleapi_venv/lib/python3.12/site-packages/starlette/middleware/errors.py:186: in __call__
    raise exc
../pizzasaleapi_venv/lib/python3.12/site-packages/starlette/middleware/errors.py:164: in __call__
    await self.app(scope, receive, _send)
../pizzasaleapi_venv/lib/python3.12/site-packages/starlette/middleware/exceptions.py:63: in __call__
    await wrap_app_handling_exceptions(self.app, conn)(scope, receive, send)
../pizzasaleapi_venv/lib/python3.12/site-packages/starlette/_exception_handler.py:53: in wrapped_app
    raise exc
../pizzasaleapi_venv/lib/python3.12/site-packages/starlette/_exception_handler.py:42: in wrapped_app
    await app(scope, receive, sender)
../pizzasaleapi_venv/lib/python3.12/site-packages/fastapi/middleware/asyncexitstack.py:18: in __call__
    await self.app(scope, receive, send)
../pizzasaleapi_venv/lib/python3.12/site-packages/starlette/routing.py:660: in __call__
    await self.middleware_stack(scope, receive, send)
../pizzasaleapi_venv/lib/python3.12/site-packages/fastapi/routing.py:2531: in app
    await route.handle(scope, receive, send)
../pizzasaleapi_venv/lib/python3.12/site-packages/fastapi/routing.py:1700: in handle
    await self.original_router.handle(scope, receive, send)
../pizzasaleapi_venv/lib/python3.12/site-packages/fastapi/routing.py:2586: in handle
    await included_router._handle_selected(scope, receive, send)
../pizzasaleapi_venv/lib/python3.12/site-packages/fastapi/routing.py:1720: in _handle_selected
    await original_route.handle(scope, receive, send)
../pizzasaleapi_venv/lib/python3.12/site-packages/fastapi/routing.py:1239: in handle
    await app(scope, receive, send)
../pizzasaleapi_venv/lib/python3.12/site-packages/fastapi/routing.py:150: in app
    await wrap_app_handling_exceptions(app, request)(scope, receive, send)
../pizzasaleapi_venv/lib/python3.12/site-packages/starlette/_exception_handler.py:53: in wrapped_app
    raise exc
../pizzasaleapi_venv/lib/python3.12/site-packages/starlette/_exception_handler.py:42: in wrapped_app
    await app(scope, receive, sender)
../pizzasaleapi_venv/lib/python3.12/site-packages/fastapi/routing.py:136: in app
    response = await f(request)
               ^^^^^^^^^^^^^^^^
../pizzasaleapi_venv/lib/python3.12/site-packages/fastapi/routing.py:690: in app
    raw_response = await run_endpoint_function(
../pizzasaleapi_venv/lib/python3.12/site-packages/fastapi/routing.py:344: in run_endpoint_function
    return await dependant.call(**values)
           ^^^^^^^^^^^^^^^^^^^^^^^^^^^^^^
app/api/category_routes.py:32: in update_category
    category = await CategoryService.get_category(db, category_id)
               ^^^^^^^^^^^^^^^^^^^^^^^^^^^^^^^^^^^^^^^^^^^^^^^^^^^
app/services/category_service.py:18: in get_category
    result = await db.execute(select(Category).where(Category.id == category_id))
             ^^^^^^^^^^^^^^^^^^^^^^^^^^^^^^^^^^^^^^^^^^^^^^^^^^^^^^^^^^^^^^^^^^^^
../pizzasaleapi_venv/lib/python3.12/site-packages/sqlalchemy/ext/asyncio/session.py:448: in execute
    result = await greenlet_spawn(
../pizzasaleapi_venv/lib/python3.12/site-packages/sqlalchemy/util/_concurrency_py3k.py:190: in greenlet_spawn
    result = context.switch(*args, **kwargs)
             ^^^^^^^^^^^^^^^^^^^^^^^^^^^^^^^
../pizzasaleapi_venv/lib/python3.12/site-packages/sqlalchemy/orm/session.py:2373: in execute
    return self._execute_internal(
../pizzasaleapi_venv/lib/python3.12/site-packages/sqlalchemy/orm/session.py:2271: in _execute_internal
    result: Result[Any] = compile_state_cls.orm_execute_statement(
../pizzasaleapi_venv/lib/python3.12/site-packages/sqlalchemy/orm/context.py:306: in orm_execute_statement
    result = conn.execute(
../pizzasaleapi_venv/lib/python3.12/site-packages/sqlalchemy/engine/base.py:1421: in execute
    return meth(
../pizzasaleapi_venv/lib/python3.12/site-packages/sqlalchemy/sql/elements.py:526: in _execute_on_connection
    return connection._execute_clauseelement(
../pizzasaleapi_venv/lib/python3.12/site-packages/sqlalchemy/engine/base.py:1643: in _execute_clauseelement
    ret = self._execute_context(
../pizzasaleapi_venv/lib/python3.12/site-packages/sqlalchemy/engine/base.py:1823: in _execute_context
    self._handle_dbapi_exception(
../pizzasaleapi_venv/lib/python3.12/site-packages/sqlalchemy/engine/base.py:2365: in _handle_dbapi_exception
    raise sqlalchemy_exception.with_traceback(exc_info[2]) from e
../pizzasaleapi_venv/lib/python3.12/site-packages/sqlalchemy/engine/base.py:1817: in _execute_context
    context = constructor(
../pizzasaleapi_venv/lib/python3.12/site-packages/sqlalchemy/engine/default.py:1496: in _init_compiled
    flattened_processors[key](compiled_params[key])
_ _ _ _ _ _ _ _ _ _ _ _ _ _ _ _ _ _ _ _ _ _ _ _ _ _ _ _ _ _ _ _ _ _ _ _ _ _ _ _ 

value = '019f0ff9-0d02-7408-9d5b-9545e2509075'

    def process(value):
        if value is not None:
>           value = value.hex
                    ^^^^^^^^^
E           sqlalchemy.exc.StatementError: (builtins.AttributeError) 'str' object has no attribute 'hex'
E           [SQL: SELECT categories.id, categories.name, categories.display_order, categories.is_active, categories.created_at, categories.updated_at 
E           FROM categories 
E           WHERE categories.id = ?]
E           [parameters: [{}]]

../pizzasaleapi_venv/lib/python3.12/site-packages/sqlalchemy/sql/sqltypes.py:3734: StatementError
________________ TestUpdateCategory.test_patch_nonexistent_404 _________________

self = <sqlalchemy.engine.base.Connection object at 0x7127104042c0>
dialect = <sqlalchemy.dialects.sqlite.aiosqlite.SQLiteDialect_aiosqlite object at 0x712713f18620>
constructor = <bound method DefaultExecutionContext._init_compiled of <class 'sqlalchemy.dialects.sqlite.aiosqlite.SQLiteExecutionContext_aiosqlite'>>
statement = <sqlalchemy.dialects.sqlite.base.SQLiteCompiler object at 0x712711cb31d0>
parameters = [{}]
execution_options = immutabledict({'prebuffer_rows': True, '_result_disable_adapt_to_context': True})
args = (<sqlalchemy.dialects.sqlite.base.SQLiteCompiler object at 0x712711cb31d0>, [{}], <sqlalchemy.sql.selectable.Select object at 0x7127104043e0>, [BindParameter('%(124412590374640 id)s', 'f9573ae4-2382-4dda-81ab-e0eb14112f7e', type_=UUID())])
kw = {'cache_hit': <CacheStats.CACHE_HIT: 0>}

    def _execute_context(
        self,
        dialect: Dialect,
        constructor: Callable[..., ExecutionContext],
        statement: Union[str, Compiled],
        parameters: Optional[_AnyMultiExecuteParams],
        execution_options: _ExecuteOptions,
        *args: Any,
        **kw: Any,
    ) -> CursorResult[Any]:
        """Create an :class:`.ExecutionContext` and execute, returning
        a :class:`_engine.CursorResult`."""
    
        if execution_options:
            yp = execution_options.get("yield_per", None)
            if yp:
                execution_options = execution_options.union(
                    {"stream_results": True, "max_row_buffer": yp}
                )
        try:
            conn = self._dbapi_connection
            if conn is None:
                conn = self._revalidate_connection()
    
>           context = constructor(
                dialect, self, conn, execution_options, *args, **kw
            )

../pizzasaleapi_venv/lib/python3.12/site-packages/sqlalchemy/engine/base.py:1817: 
_ _ _ _ _ _ _ _ _ _ _ _ _ _ _ _ _ _ _ _ _ _ _ _ _ _ _ _ _ _ _ _ _ _ _ _ _ _ _ _ 
../pizzasaleapi_venv/lib/python3.12/site-packages/sqlalchemy/engine/default.py:1496: in _init_compiled
    flattened_processors[key](compiled_params[key])
_ _ _ _ _ _ _ _ _ _ _ _ _ _ _ _ _ _ _ _ _ _ _ _ _ _ _ _ _ _ _ _ _ _ _ _ _ _ _ _ 

value = 'f9573ae4-2382-4dda-81ab-e0eb14112f7e'

    def process(value):
        if value is not None:
>           value = value.hex
                    ^^^^^^^^^
E           AttributeError: 'str' object has no attribute 'hex'

../pizzasaleapi_venv/lib/python3.12/site-packages/sqlalchemy/sql/sqltypes.py:3734: AttributeError

The above exception was the direct cause of the following exception:

self = <test_category_routes.TestUpdateCategory object at 0x712711de89b0>
client = <httpx.AsyncClient object at 0x712710411e50>

    async def test_patch_nonexistent_404(self, client):
        import uuid
        token = make_staff_token()
>       resp = await client.patch(
            f"{CATEGORIES_URL}/{uuid.uuid4()}",
            json={"name": "X"},
            headers={"Authorization": f"Bearer {token}"},
        )

tests/test_category_routes.py:131: 
_ _ _ _ _ _ _ _ _ _ _ _ _ _ _ _ _ _ _ _ _ _ _ _ _ _ _ _ _ _ _ _ _ _ _ _ _ _ _ _ 
../pizzasaleapi_venv/lib/python3.12/site-packages/httpx/_client.py:1933: in patch
    return await self.request(
../pizzasaleapi_venv/lib/python3.12/site-packages/httpx/_client.py:1540: in request
    return await self.send(request, auth=auth, follow_redirects=follow_redirects)
           ^^^^^^^^^^^^^^^^^^^^^^^^^^^^^^^^^^^^^^^^^^^^^^^^^^^^^^^^^^^^^^^^^^^^^^
../pizzasaleapi_venv/lib/python3.12/site-packages/httpx/_client.py:1629: in send
    response = await self._send_handling_auth(
../pizzasaleapi_venv/lib/python3.12/site-packages/httpx/_client.py:1657: in _send_handling_auth
    response = await self._send_handling_redirects(
../pizzasaleapi_venv/lib/python3.12/site-packages/httpx/_client.py:1694: in _send_handling_redirects
    response = await self._send_single_request(request)
               ^^^^^^^^^^^^^^^^^^^^^^^^^^^^^^^^^^^^^^^^
../pizzasaleapi_venv/lib/python3.12/site-packages/httpx/_client.py:1730: in _send_single_request
    response = await transport.handle_async_request(request)
               ^^^^^^^^^^^^^^^^^^^^^^^^^^^^^^^^^^^^^^^^^^^^^
../pizzasaleapi_venv/lib/python3.12/site-packages/httpx/_transports/asgi.py:170: in handle_async_request
    await self.app(scope, receive, send)
../pizzasaleapi_venv/lib/python3.12/site-packages/fastapi/applications.py:1163: in __call__
    await super().__call__(scope, receive, send)
../pizzasaleapi_venv/lib/python3.12/site-packages/starlette/applications.py:90: in __call__
    await self.middleware_stack(scope, receive, send)
../pizzasaleapi_venv/lib/python3.12/site-packages/starlette/middleware/errors.py:186: in __call__
    raise exc
../pizzasaleapi_venv/lib/python3.12/site-packages/starlette/middleware/errors.py:164: in __call__
    await self.app(scope, receive, _send)
../pizzasaleapi_venv/lib/python3.12/site-packages/starlette/middleware/exceptions.py:63: in __call__
    await wrap_app_handling_exceptions(self.app, conn)(scope, receive, send)
../pizzasaleapi_venv/lib/python3.12/site-packages/starlette/_exception_handler.py:53: in wrapped_app
    raise exc
../pizzasaleapi_venv/lib/python3.12/site-packages/starlette/_exception_handler.py:42: in wrapped_app
    await app(scope, receive, sender)
../pizzasaleapi_venv/lib/python3.12/site-packages/fastapi/middleware/asyncexitstack.py:18: in __call__
    await self.app(scope, receive, send)
../pizzasaleapi_venv/lib/python3.12/site-packages/starlette/routing.py:660: in __call__
    await self.middleware_stack(scope, receive, send)
../pizzasaleapi_venv/lib/python3.12/site-packages/fastapi/routing.py:2531: in app
    await route.handle(scope, receive, send)
../pizzasaleapi_venv/lib/python3.12/site-packages/fastapi/routing.py:1700: in handle
    await self.original_router.handle(scope, receive, send)
../pizzasaleapi_venv/lib/python3.12/site-packages/fastapi/routing.py:2586: in handle
    await included_router._handle_selected(scope, receive, send)
../pizzasaleapi_venv/lib/python3.12/site-packages/fastapi/routing.py:1720: in _handle_selected
    await original_route.handle(scope, receive, send)
../pizzasaleapi_venv/lib/python3.12/site-packages/fastapi/routing.py:1239: in handle
    await app(scope, receive, send)
../pizzasaleapi_venv/lib/python3.12/site-packages/fastapi/routing.py:150: in app
    await wrap_app_handling_exceptions(app, request)(scope, receive, send)
../pizzasaleapi_venv/lib/python3.12/site-packages/starlette/_exception_handler.py:53: in wrapped_app
    raise exc
../pizzasaleapi_venv/lib/python3.12/site-packages/starlette/_exception_handler.py:42: in wrapped_app
    await app(scope, receive, sender)
../pizzasaleapi_venv/lib/python3.12/site-packages/fastapi/routing.py:136: in app
    response = await f(request)
               ^^^^^^^^^^^^^^^^
../pizzasaleapi_venv/lib/python3.12/site-packages/fastapi/routing.py:690: in app
    raw_response = await run_endpoint_function(
../pizzasaleapi_venv/lib/python3.12/site-packages/fastapi/routing.py:344: in run_endpoint_function
    return await dependant.call(**values)
           ^^^^^^^^^^^^^^^^^^^^^^^^^^^^^^
app/api/category_routes.py:32: in update_category
    category = await CategoryService.get_category(db, category_id)
               ^^^^^^^^^^^^^^^^^^^^^^^^^^^^^^^^^^^^^^^^^^^^^^^^^^^
app/services/category_service.py:18: in get_category
    result = await db.execute(select(Category).where(Category.id == category_id))
             ^^^^^^^^^^^^^^^^^^^^^^^^^^^^^^^^^^^^^^^^^^^^^^^^^^^^^^^^^^^^^^^^^^^^
../pizzasaleapi_venv/lib/python3.12/site-packages/sqlalchemy/ext/asyncio/session.py:448: in execute
    result = await greenlet_spawn(
../pizzasaleapi_venv/lib/python3.12/site-packages/sqlalchemy/util/_concurrency_py3k.py:190: in greenlet_spawn
    result = context.switch(*args, **kwargs)
             ^^^^^^^^^^^^^^^^^^^^^^^^^^^^^^^
../pizzasaleapi_venv/lib/python3.12/site-packages/sqlalchemy/orm/session.py:2373: in execute
    return self._execute_internal(
../pizzasaleapi_venv/lib/python3.12/site-packages/sqlalchemy/orm/session.py:2271: in _execute_internal
    result: Result[Any] = compile_state_cls.orm_execute_statement(
../pizzasaleapi_venv/lib/python3.12/site-packages/sqlalchemy/orm/context.py:306: in orm_execute_statement
    result = conn.execute(
../pizzasaleapi_venv/lib/python3.12/site-packages/sqlalchemy/engine/base.py:1421: in execute
    return meth(
../pizzasaleapi_venv/lib/python3.12/site-packages/sqlalchemy/sql/elements.py:526: in _execute_on_connection
    return connection._execute_clauseelement(
../pizzasaleapi_venv/lib/python3.12/site-packages/sqlalchemy/engine/base.py:1643: in _execute_clauseelement
    ret = self._execute_context(
../pizzasaleapi_venv/lib/python3.12/site-packages/sqlalchemy/engine/base.py:1823: in _execute_context
    self._handle_dbapi_exception(
../pizzasaleapi_venv/lib/python3.12/site-packages/sqlalchemy/engine/base.py:2365: in _handle_dbapi_exception
    raise sqlalchemy_exception.with_traceback(exc_info[2]) from e
../pizzasaleapi_venv/lib/python3.12/site-packages/sqlalchemy/engine/base.py:1817: in _execute_context
    context = constructor(
../pizzasaleapi_venv/lib/python3.12/site-packages/sqlalchemy/engine/default.py:1496: in _init_compiled
    flattened_processors[key](compiled_params[key])
_ _ _ _ _ _ _ _ _ _ _ _ _ _ _ _ _ _ _ _ _ _ _ _ _ _ _ _ _ _ _ _ _ _ _ _ _ _ _ _ 

value = 'f9573ae4-2382-4dda-81ab-e0eb14112f7e'

    def process(value):
        if value is not None:
>           value = value.hex
                    ^^^^^^^^^
E           sqlalchemy.exc.StatementError: (builtins.AttributeError) 'str' object has no attribute 'hex'
E           [SQL: SELECT categories.id, categories.name, categories.display_order, categories.is_active, categories.created_at, categories.updated_at 
E           FROM categories 
E           WHERE categories.id = ?]
E           [parameters: [{}]]

../pizzasaleapi_venv/lib/python3.12/site-packages/sqlalchemy/sql/sqltypes.py:3734: StatementError
_________________ TestDeleteCategory.test_staff_can_delete_204 _________________

self = <sqlalchemy.engine.base.Connection object at 0x7127104a1310>
dialect = <sqlalchemy.dialects.sqlite.aiosqlite.SQLiteDialect_aiosqlite object at 0x712713f18620>
constructor = <bound method DefaultExecutionContext._init_compiled of <class 'sqlalchemy.dialects.sqlite.aiosqlite.SQLiteExecutionContext_aiosqlite'>>
statement = <sqlalchemy.dialects.sqlite.base.SQLiteCompiler object at 0x712711cb31d0>
parameters = [{}]
execution_options = immutabledict({'prebuffer_rows': True, '_result_disable_adapt_to_context': True})
args = (<sqlalchemy.dialects.sqlite.base.SQLiteCompiler object at 0x712711cb31d0>, [{}], <sqlalchemy.sql.selectable.Select object at 0x712710407800>, [BindParameter('%(124412590953808 id)s', '019f0ff9-1905-7248-8f09-bae554dc66ea', type_=UUID())])
kw = {'cache_hit': <CacheStats.CACHE_HIT: 0>}

    def _execute_context(
        self,
        dialect: Dialect,
        constructor: Callable[..., ExecutionContext],
        statement: Union[str, Compiled],
        parameters: Optional[_AnyMultiExecuteParams],
        execution_options: _ExecuteOptions,
        *args: Any,
        **kw: Any,
    ) -> CursorResult[Any]:
        """Create an :class:`.ExecutionContext` and execute, returning
        a :class:`_engine.CursorResult`."""
    
        if execution_options:
            yp = execution_options.get("yield_per", None)
            if yp:
                execution_options = execution_options.union(
                    {"stream_results": True, "max_row_buffer": yp}
                )
        try:
            conn = self._dbapi_connection
            if conn is None:
                conn = self._revalidate_connection()
    
>           context = constructor(
                dialect, self, conn, execution_options, *args, **kw
            )

../pizzasaleapi_venv/lib/python3.12/site-packages/sqlalchemy/engine/base.py:1817: 
_ _ _ _ _ _ _ _ _ _ _ _ _ _ _ _ _ _ _ _ _ _ _ _ _ _ _ _ _ _ _ _ _ _ _ _ _ _ _ _ 
../pizzasaleapi_venv/lib/python3.12/site-packages/sqlalchemy/engine/default.py:1496: in _init_compiled
    flattened_processors[key](compiled_params[key])
_ _ _ _ _ _ _ _ _ _ _ _ _ _ _ _ _ _ _ _ _ _ _ _ _ _ _ _ _ _ _ _ _ _ _ _ _ _ _ _ 

value = '019f0ff9-1905-7248-8f09-bae554dc66ea'

    def process(value):
        if value is not None:
>           value = value.hex
                    ^^^^^^^^^
E           AttributeError: 'str' object has no attribute 'hex'

../pizzasaleapi_venv/lib/python3.12/site-packages/sqlalchemy/sql/sqltypes.py:3734: AttributeError

The above exception was the direct cause of the following exception:

self = <test_category_routes.TestDeleteCategory object at 0x712711de91c0>
client = <httpx.AsyncClient object at 0x712710405dc0>

    async def test_staff_can_delete_204(self, client):
        cat = await create_category(client)
        token = make_staff_token()
>       resp = await client.delete(
            f"{CATEGORIES_URL}/{cat['id']}",
            headers={"Authorization": f"Bearer {token}"},
        )

tests/test_category_routes.py:155: 
_ _ _ _ _ _ _ _ _ _ _ _ _ _ _ _ _ _ _ _ _ _ _ _ _ _ _ _ _ _ _ _ _ _ _ _ _ _ _ _ 
../pizzasaleapi_venv/lib/python3.12/site-packages/httpx/_client.py:1966: in delete
    return await self.request(
../pizzasaleapi_venv/lib/python3.12/site-packages/httpx/_client.py:1540: in request
    return await self.send(request, auth=auth, follow_redirects=follow_redirects)
           ^^^^^^^^^^^^^^^^^^^^^^^^^^^^^^^^^^^^^^^^^^^^^^^^^^^^^^^^^^^^^^^^^^^^^^
../pizzasaleapi_venv/lib/python3.12/site-packages/httpx/_client.py:1629: in send
    response = await self._send_handling_auth(
../pizzasaleapi_venv/lib/python3.12/site-packages/httpx/_client.py:1657: in _send_handling_auth
    response = await self._send_handling_redirects(
../pizzasaleapi_venv/lib/python3.12/site-packages/httpx/_client.py:1694: in _send_handling_redirects
    response = await self._send_single_request(request)
               ^^^^^^^^^^^^^^^^^^^^^^^^^^^^^^^^^^^^^^^^
../pizzasaleapi_venv/lib/python3.12/site-packages/httpx/_client.py:1730: in _send_single_request
    response = await transport.handle_async_request(request)
               ^^^^^^^^^^^^^^^^^^^^^^^^^^^^^^^^^^^^^^^^^^^^^
../pizzasaleapi_venv/lib/python3.12/site-packages/httpx/_transports/asgi.py:170: in handle_async_request
    await self.app(scope, receive, send)
../pizzasaleapi_venv/lib/python3.12/site-packages/fastapi/applications.py:1163: in __call__
    await super().__call__(scope, receive, send)
../pizzasaleapi_venv/lib/python3.12/site-packages/starlette/applications.py:90: in __call__
    await self.middleware_stack(scope, receive, send)
../pizzasaleapi_venv/lib/python3.12/site-packages/starlette/middleware/errors.py:186: in __call__
    raise exc
../pizzasaleapi_venv/lib/python3.12/site-packages/starlette/middleware/errors.py:164: in __call__
    await self.app(scope, receive, _send)
../pizzasaleapi_venv/lib/python3.12/site-packages/starlette/middleware/exceptions.py:63: in __call__
    await wrap_app_handling_exceptions(self.app, conn)(scope, receive, send)
../pizzasaleapi_venv/lib/python3.12/site-packages/starlette/_exception_handler.py:53: in wrapped_app
    raise exc
../pizzasaleapi_venv/lib/python3.12/site-packages/starlette/_exception_handler.py:42: in wrapped_app
    await app(scope, receive, sender)
../pizzasaleapi_venv/lib/python3.12/site-packages/fastapi/middleware/asyncexitstack.py:18: in __call__
    await self.app(scope, receive, send)
../pizzasaleapi_venv/lib/python3.12/site-packages/starlette/routing.py:660: in __call__
    await self.middleware_stack(scope, receive, send)
../pizzasaleapi_venv/lib/python3.12/site-packages/fastapi/routing.py:2531: in app
    await route.handle(scope, receive, send)
../pizzasaleapi_venv/lib/python3.12/site-packages/fastapi/routing.py:1700: in handle
    await self.original_router.handle(scope, receive, send)
../pizzasaleapi_venv/lib/python3.12/site-packages/fastapi/routing.py:2586: in handle
    await included_router._handle_selected(scope, receive, send)
../pizzasaleapi_venv/lib/python3.12/site-packages/fastapi/routing.py:1720: in _handle_selected
    await original_route.handle(scope, receive, send)
../pizzasaleapi_venv/lib/python3.12/site-packages/fastapi/routing.py:1239: in handle
    await app(scope, receive, send)
../pizzasaleapi_venv/lib/python3.12/site-packages/fastapi/routing.py:150: in app
    await wrap_app_handling_exceptions(app, request)(scope, receive, send)
../pizzasaleapi_venv/lib/python3.12/site-packages/starlette/_exception_handler.py:53: in wrapped_app
    raise exc
../pizzasaleapi_venv/lib/python3.12/site-packages/starlette/_exception_handler.py:42: in wrapped_app
    await app(scope, receive, sender)
../pizzasaleapi_venv/lib/python3.12/site-packages/fastapi/routing.py:136: in app
    response = await f(request)
               ^^^^^^^^^^^^^^^^
../pizzasaleapi_venv/lib/python3.12/site-packages/fastapi/routing.py:690: in app
    raw_response = await run_endpoint_function(
../pizzasaleapi_venv/lib/python3.12/site-packages/fastapi/routing.py:344: in run_endpoint_function
    return await dependant.call(**values)
           ^^^^^^^^^^^^^^^^^^^^^^^^^^^^^^
app/api/category_routes.py:40: in delete_category
    category = await CategoryService.get_category(db, category_id)
               ^^^^^^^^^^^^^^^^^^^^^^^^^^^^^^^^^^^^^^^^^^^^^^^^^^^
app/services/category_service.py:18: in get_category
    result = await db.execute(select(Category).where(Category.id == category_id))
             ^^^^^^^^^^^^^^^^^^^^^^^^^^^^^^^^^^^^^^^^^^^^^^^^^^^^^^^^^^^^^^^^^^^^
../pizzasaleapi_venv/lib/python3.12/site-packages/sqlalchemy/ext/asyncio/session.py:448: in execute
    result = await greenlet_spawn(
../pizzasaleapi_venv/lib/python3.12/site-packages/sqlalchemy/util/_concurrency_py3k.py:190: in greenlet_spawn
    result = context.switch(*args, **kwargs)
             ^^^^^^^^^^^^^^^^^^^^^^^^^^^^^^^
../pizzasaleapi_venv/lib/python3.12/site-packages/sqlalchemy/orm/session.py:2373: in execute
    return self._execute_internal(
../pizzasaleapi_venv/lib/python3.12/site-packages/sqlalchemy/orm/session.py:2271: in _execute_internal
    result: Result[Any] = compile_state_cls.orm_execute_statement(
../pizzasaleapi_venv/lib/python3.12/site-packages/sqlalchemy/orm/context.py:306: in orm_execute_statement
    result = conn.execute(
../pizzasaleapi_venv/lib/python3.12/site-packages/sqlalchemy/engine/base.py:1421: in execute
    return meth(
../pizzasaleapi_venv/lib/python3.12/site-packages/sqlalchemy/sql/elements.py:526: in _execute_on_connection
    return connection._execute_clauseelement(
../pizzasaleapi_venv/lib/python3.12/site-packages/sqlalchemy/engine/base.py:1643: in _execute_clauseelement
    ret = self._execute_context(
../pizzasaleapi_venv/lib/python3.12/site-packages/sqlalchemy/engine/base.py:1823: in _execute_context
    self._handle_dbapi_exception(
../pizzasaleapi_venv/lib/python3.12/site-packages/sqlalchemy/engine/base.py:2365: in _handle_dbapi_exception
    raise sqlalchemy_exception.with_traceback(exc_info[2]) from e
../pizzasaleapi_venv/lib/python3.12/site-packages/sqlalchemy/engine/base.py:1817: in _execute_context
    context = constructor(
../pizzasaleapi_venv/lib/python3.12/site-packages/sqlalchemy/engine/default.py:1496: in _init_compiled
    flattened_processors[key](compiled_params[key])
_ _ _ _ _ _ _ _ _ _ _ _ _ _ _ _ _ _ _ _ _ _ _ _ _ _ _ _ _ _ _ _ _ _ _ _ _ _ _ _ 

value = '019f0ff9-1905-7248-8f09-bae554dc66ea'

    def process(value):
        if value is not None:
>           value = value.hex
                    ^^^^^^^^^
E           sqlalchemy.exc.StatementError: (builtins.AttributeError) 'str' object has no attribute 'hex'
E           [SQL: SELECT categories.id, categories.name, categories.display_order, categories.is_active, categories.created_at, categories.updated_at 
E           FROM categories 
E           WHERE categories.id = ?]
E           [parameters: [{}]]

../pizzasaleapi_venv/lib/python3.12/site-packages/sqlalchemy/sql/sqltypes.py:3734: StatementError
_______________ TestDeleteCategory.test_delete_removes_category ________________

self = <sqlalchemy.engine.base.Connection object at 0x71271041e0f0>
dialect = <sqlalchemy.dialects.sqlite.aiosqlite.SQLiteDialect_aiosqlite object at 0x712713f18620>
constructor = <bound method DefaultExecutionContext._init_compiled of <class 'sqlalchemy.dialects.sqlite.aiosqlite.SQLiteExecutionContext_aiosqlite'>>
statement = <sqlalchemy.dialects.sqlite.base.SQLiteCompiler object at 0x712711cb31d0>
parameters = [{}]
execution_options = immutabledict({'prebuffer_rows': True, '_result_disable_adapt_to_context': True})
args = (<sqlalchemy.dialects.sqlite.base.SQLiteCompiler object at 0x712711cb31d0>, [{}], <sqlalchemy.sql.selectable.Select object at 0x71271041c1d0>, [BindParameter('%(124412590413184 id)s', '019f0ff9-2027-718d-abbe-5bd898cd905e', type_=UUID())])
kw = {'cache_hit': <CacheStats.CACHE_HIT: 0>}

    def _execute_context(
        self,
        dialect: Dialect,
        constructor: Callable[..., ExecutionContext],
        statement: Union[str, Compiled],
        parameters: Optional[_AnyMultiExecuteParams],
        execution_options: _ExecuteOptions,
        *args: Any,
        **kw: Any,
    ) -> CursorResult[Any]:
        """Create an :class:`.ExecutionContext` and execute, returning
        a :class:`_engine.CursorResult`."""
    
        if execution_options:
            yp = execution_options.get("yield_per", None)
            if yp:
                execution_options = execution_options.union(
                    {"stream_results": True, "max_row_buffer": yp}
                )
        try:
            conn = self._dbapi_connection
            if conn is None:
                conn = self._revalidate_connection()
    
>           context = constructor(
                dialect, self, conn, execution_options, *args, **kw
            )

../pizzasaleapi_venv/lib/python3.12/site-packages/sqlalchemy/engine/base.py:1817: 
_ _ _ _ _ _ _ _ _ _ _ _ _ _ _ _ _ _ _ _ _ _ _ _ _ _ _ _ _ _ _ _ _ _ _ _ _ _ _ _ 
../pizzasaleapi_venv/lib/python3.12/site-packages/sqlalchemy/engine/default.py:1496: in _init_compiled
    flattened_processors[key](compiled_params[key])
_ _ _ _ _ _ _ _ _ _ _ _ _ _ _ _ _ _ _ _ _ _ _ _ _ _ _ _ _ _ _ _ _ _ _ _ _ _ _ _ 

value = '019f0ff9-2027-718d-abbe-5bd898cd905e'

    def process(value):
        if value is not None:
>           value = value.hex
                    ^^^^^^^^^
E           AttributeError: 'str' object has no attribute 'hex'

../pizzasaleapi_venv/lib/python3.12/site-packages/sqlalchemy/sql/sqltypes.py:3734: AttributeError

The above exception was the direct cause of the following exception:

self = <test_category_routes.TestDeleteCategory object at 0x712711dabd10>
client = <httpx.AsyncClient object at 0x71271041c5f0>

    async def test_delete_removes_category(self, client):
        cat = await create_category(client)
        token = make_staff_token()
>       await client.delete(
            f"{CATEGORIES_URL}/{cat['id']}",
            headers={"Authorization": f"Bearer {token}"},
        )

tests/test_category_routes.py:164: 
_ _ _ _ _ _ _ _ _ _ _ _ _ _ _ _ _ _ _ _ _ _ _ _ _ _ _ _ _ _ _ _ _ _ _ _ _ _ _ _ 
../pizzasaleapi_venv/lib/python3.12/site-packages/httpx/_client.py:1966: in delete
    return await self.request(
../pizzasaleapi_venv/lib/python3.12/site-packages/httpx/_client.py:1540: in request
    return await self.send(request, auth=auth, follow_redirects=follow_redirects)
           ^^^^^^^^^^^^^^^^^^^^^^^^^^^^^^^^^^^^^^^^^^^^^^^^^^^^^^^^^^^^^^^^^^^^^^
../pizzasaleapi_venv/lib/python3.12/site-packages/httpx/_client.py:1629: in send
    response = await self._send_handling_auth(
../pizzasaleapi_venv/lib/python3.12/site-packages/httpx/_client.py:1657: in _send_handling_auth
    response = await self._send_handling_redirects(
../pizzasaleapi_venv/lib/python3.12/site-packages/httpx/_client.py:1694: in _send_handling_redirects
    response = await self._send_single_request(request)
               ^^^^^^^^^^^^^^^^^^^^^^^^^^^^^^^^^^^^^^^^
../pizzasaleapi_venv/lib/python3.12/site-packages/httpx/_client.py:1730: in _send_single_request
    response = await transport.handle_async_request(request)
               ^^^^^^^^^^^^^^^^^^^^^^^^^^^^^^^^^^^^^^^^^^^^^
../pizzasaleapi_venv/lib/python3.12/site-packages/httpx/_transports/asgi.py:170: in handle_async_request
    await self.app(scope, receive, send)
../pizzasaleapi_venv/lib/python3.12/site-packages/fastapi/applications.py:1163: in __call__
    await super().__call__(scope, receive, send)
../pizzasaleapi_venv/lib/python3.12/site-packages/starlette/applications.py:90: in __call__
    await self.middleware_stack(scope, receive, send)
../pizzasaleapi_venv/lib/python3.12/site-packages/starlette/middleware/errors.py:186: in __call__
    raise exc
../pizzasaleapi_venv/lib/python3.12/site-packages/starlette/middleware/errors.py:164: in __call__
    await self.app(scope, receive, _send)
../pizzasaleapi_venv/lib/python3.12/site-packages/starlette/middleware/exceptions.py:63: in __call__
    await wrap_app_handling_exceptions(self.app, conn)(scope, receive, send)
../pizzasaleapi_venv/lib/python3.12/site-packages/starlette/_exception_handler.py:53: in wrapped_app
    raise exc
../pizzasaleapi_venv/lib/python3.12/site-packages/starlette/_exception_handler.py:42: in wrapped_app
    await app(scope, receive, sender)
../pizzasaleapi_venv/lib/python3.12/site-packages/fastapi/middleware/asyncexitstack.py:18: in __call__
    await self.app(scope, receive, send)
../pizzasaleapi_venv/lib/python3.12/site-packages/starlette/routing.py:660: in __call__
    await self.middleware_stack(scope, receive, send)
../pizzasaleapi_venv/lib/python3.12/site-packages/fastapi/routing.py:2531: in app
    await route.handle(scope, receive, send)
../pizzasaleapi_venv/lib/python3.12/site-packages/fastapi/routing.py:1700: in handle
    await self.original_router.handle(scope, receive, send)
../pizzasaleapi_venv/lib/python3.12/site-packages/fastapi/routing.py:2586: in handle
    await included_router._handle_selected(scope, receive, send)
../pizzasaleapi_venv/lib/python3.12/site-packages/fastapi/routing.py:1720: in _handle_selected
    await original_route.handle(scope, receive, send)
../pizzasaleapi_venv/lib/python3.12/site-packages/fastapi/routing.py:1239: in handle
    await app(scope, receive, send)
../pizzasaleapi_venv/lib/python3.12/site-packages/fastapi/routing.py:150: in app
    await wrap_app_handling_exceptions(app, request)(scope, receive, send)
../pizzasaleapi_venv/lib/python3.12/site-packages/starlette/_exception_handler.py:53: in wrapped_app
    raise exc
../pizzasaleapi_venv/lib/python3.12/site-packages/starlette/_exception_handler.py:42: in wrapped_app
    await app(scope, receive, sender)
../pizzasaleapi_venv/lib/python3.12/site-packages/fastapi/routing.py:136: in app
    response = await f(request)
               ^^^^^^^^^^^^^^^^
../pizzasaleapi_venv/lib/python3.12/site-packages/fastapi/routing.py:690: in app
    raw_response = await run_endpoint_function(
../pizzasaleapi_venv/lib/python3.12/site-packages/fastapi/routing.py:344: in run_endpoint_function
    return await dependant.call(**values)
           ^^^^^^^^^^^^^^^^^^^^^^^^^^^^^^
app/api/category_routes.py:40: in delete_category
    category = await CategoryService.get_category(db, category_id)
               ^^^^^^^^^^^^^^^^^^^^^^^^^^^^^^^^^^^^^^^^^^^^^^^^^^^
app/services/category_service.py:18: in get_category
    result = await db.execute(select(Category).where(Category.id == category_id))
             ^^^^^^^^^^^^^^^^^^^^^^^^^^^^^^^^^^^^^^^^^^^^^^^^^^^^^^^^^^^^^^^^^^^^
../pizzasaleapi_venv/lib/python3.12/site-packages/sqlalchemy/ext/asyncio/session.py:448: in execute
    result = await greenlet_spawn(
../pizzasaleapi_venv/lib/python3.12/site-packages/sqlalchemy/util/_concurrency_py3k.py:190: in greenlet_spawn
    result = context.switch(*args, **kwargs)
             ^^^^^^^^^^^^^^^^^^^^^^^^^^^^^^^
../pizzasaleapi_venv/lib/python3.12/site-packages/sqlalchemy/orm/session.py:2373: in execute
    return self._execute_internal(
../pizzasaleapi_venv/lib/python3.12/site-packages/sqlalchemy/orm/session.py:2271: in _execute_internal
    result: Result[Any] = compile_state_cls.orm_execute_statement(
../pizzasaleapi_venv/lib/python3.12/site-packages/sqlalchemy/orm/context.py:306: in orm_execute_statement
    result = conn.execute(
../pizzasaleapi_venv/lib/python3.12/site-packages/sqlalchemy/engine/base.py:1421: in execute
    return meth(
../pizzasaleapi_venv/lib/python3.12/site-packages/sqlalchemy/sql/elements.py:526: in _execute_on_connection
    return connection._execute_clauseelement(
../pizzasaleapi_venv/lib/python3.12/site-packages/sqlalchemy/engine/base.py:1643: in _execute_clauseelement
    ret = self._execute_context(
../pizzasaleapi_venv/lib/python3.12/site-packages/sqlalchemy/engine/base.py:1823: in _execute_context
    self._handle_dbapi_exception(
../pizzasaleapi_venv/lib/python3.12/site-packages/sqlalchemy/engine/base.py:2365: in _handle_dbapi_exception
    raise sqlalchemy_exception.with_traceback(exc_info[2]) from e
../pizzasaleapi_venv/lib/python3.12/site-packages/sqlalchemy/engine/base.py:1817: in _execute_context
    context = constructor(
../pizzasaleapi_venv/lib/python3.12/site-packages/sqlalchemy/engine/default.py:1496: in _init_compiled
    flattened_processors[key](compiled_params[key])
_ _ _ _ _ _ _ _ _ _ _ _ _ _ _ _ _ _ _ _ _ _ _ _ _ _ _ _ _ _ _ _ _ _ _ _ _ _ _ _ 

value = '019f0ff9-2027-718d-abbe-5bd898cd905e'

    def process(value):
        if value is not None:
>           value = value.hex
                    ^^^^^^^^^
E           sqlalchemy.exc.StatementError: (builtins.AttributeError) 'str' object has no attribute 'hex'
E           [SQL: SELECT categories.id, categories.name, categories.display_order, categories.is_active, categories.created_at, categories.updated_at 
E           FROM categories 
E           WHERE categories.id = ?]
E           [parameters: [{}]]

../pizzasaleapi_venv/lib/python3.12/site-packages/sqlalchemy/sql/sqltypes.py:3734: StatementError
________________ TestDeleteCategory.test_delete_nonexistent_404 ________________

self = <sqlalchemy.engine.base.Connection object at 0x7127104e6a80>
dialect = <sqlalchemy.dialects.sqlite.aiosqlite.SQLiteDialect_aiosqlite object at 0x712713f18620>
constructor = <bound method DefaultExecutionContext._init_compiled of <class 'sqlalchemy.dialects.sqlite.aiosqlite.SQLiteExecutionContext_aiosqlite'>>
statement = <sqlalchemy.dialects.sqlite.base.SQLiteCompiler object at 0x712711cb31d0>
parameters = [{}]
execution_options = immutabledict({'prebuffer_rows': True, '_result_disable_adapt_to_context': True})
args = (<sqlalchemy.dialects.sqlite.base.SQLiteCompiler object at 0x712711cb31d0>, [{}], <sqlalchemy.sql.selectable.Select object at 0x7127104e6960>, [BindParameter('%(124412591235312 id)s', '71ed924b-fecf-4022-95f6-4eefa7caffae', type_=UUID())])
kw = {'cache_hit': <CacheStats.CACHE_HIT: 0>}

    def _execute_context(
        self,
        dialect: Dialect,
        constructor: Callable[..., ExecutionContext],
        statement: Union[str, Compiled],
        parameters: Optional[_AnyMultiExecuteParams],
        execution_options: _ExecuteOptions,
        *args: Any,
        **kw: Any,
    ) -> CursorResult[Any]:
        """Create an :class:`.ExecutionContext` and execute, returning
        a :class:`_engine.CursorResult`."""
    
        if execution_options:
            yp = execution_options.get("yield_per", None)
            if yp:
                execution_options = execution_options.union(
                    {"stream_results": True, "max_row_buffer": yp}
                )
        try:
            conn = self._dbapi_connection
            if conn is None:
                conn = self._revalidate_connection()
    
>           context = constructor(
                dialect, self, conn, execution_options, *args, **kw
            )

../pizzasaleapi_venv/lib/python3.12/site-packages/sqlalchemy/engine/base.py:1817: 
_ _ _ _ _ _ _ _ _ _ _ _ _ _ _ _ _ _ _ _ _ _ _ _ _ _ _ _ _ _ _ _ _ _ _ _ _ _ _ _ 
../pizzasaleapi_venv/lib/python3.12/site-packages/sqlalchemy/engine/default.py:1496: in _init_compiled
    flattened_processors[key](compiled_params[key])
_ _ _ _ _ _ _ _ _ _ _ _ _ _ _ _ _ _ _ _ _ _ _ _ _ _ _ _ _ _ _ _ _ _ _ _ _ _ _ _ 

value = '71ed924b-fecf-4022-95f6-4eefa7caffae'

    def process(value):
        if value is not None:
>           value = value.hex
                    ^^^^^^^^^
E           AttributeError: 'str' object has no attribute 'hex'

../pizzasaleapi_venv/lib/python3.12/site-packages/sqlalchemy/sql/sqltypes.py:3734: AttributeError

The above exception was the direct cause of the following exception:

self = <test_category_routes.TestDeleteCategory object at 0x712711dab410>
client = <httpx.AsyncClient object at 0x7127104e45c0>

    async def test_delete_nonexistent_404(self, client):
        import uuid
        token = make_staff_token()
>       resp = await client.delete(
            f"{CATEGORIES_URL}/{uuid.uuid4()}",
            headers={"Authorization": f"Bearer {token}"},
        )

tests/test_category_routes.py:174: 
_ _ _ _ _ _ _ _ _ _ _ _ _ _ _ _ _ _ _ _ _ _ _ _ _ _ _ _ _ _ _ _ _ _ _ _ _ _ _ _ 
../pizzasaleapi_venv/lib/python3.12/site-packages/httpx/_client.py:1966: in delete
    return await self.request(
../pizzasaleapi_venv/lib/python3.12/site-packages/httpx/_client.py:1540: in request
    return await self.send(request, auth=auth, follow_redirects=follow_redirects)
           ^^^^^^^^^^^^^^^^^^^^^^^^^^^^^^^^^^^^^^^^^^^^^^^^^^^^^^^^^^^^^^^^^^^^^^
../pizzasaleapi_venv/lib/python3.12/site-packages/httpx/_client.py:1629: in send
    response = await self._send_handling_auth(
[...]
_ _ _ _ _ _ _ _ _ _ _ _ _ _ _ _ _ _ _ _ _ _ _ _ _ _ _ _ _ _ _ _ _ _ _ _ _ _ _ _ 

value = '019f0ff9-a606-74f2-9bdd-7c6049df500d'

    def process(value):
        if value is not None:
>           value = value.hex
                    ^^^^^^^^^
E           AttributeError: 'str' object has no attribute 'hex'

../pizzasaleapi_venv/lib/python3.12/site-packages/sqlalchemy/sql/sqltypes.py:3734: AttributeError

The above exception was the direct cause of the following exception:

self = <test_product_service.TestProductService object at 0x712711c09e80>
db = <sqlalchemy.orm.session.AsyncSession object at 0x71270b252870>

    async def test_get_product_includes_variants(self, db):
>       created = await ProductService.create_product(db, self._product_data())
                  ^^^^^^^^^^^^^^^^^^^^^^^^^^^^^^^^^^^^^^^^^^^^^^^^^^^^^^^^^^^^^

tests/test_product_service.py:142: 
_ _ _ _ _ _ _ _ _ _ _ _ _ _ _ _ _ _ _ _ _ _ _ _ _ _ _ _ _ _ _ _ _ _ _ _ _ _ _ _ 
app/services/product_service.py:51: in create_product
    return await ProductService.get_product(db, str(product.id))
           ^^^^^^^^^^^^^^^^^^^^^^^^^^^^^^^^^^^^^^^^^^^^^^^^^^^^^
app/services/product_service.py:28: in get_product
    result = await db.execute(
../pizzasaleapi_venv/lib/python3.12/site-packages/sqlalchemy/ext/asyncio/session.py:448: in execute
    result = await greenlet_spawn(
../pizzasaleapi_venv/lib/python3.12/site-packages/sqlalchemy/util/_concurrency_py3k.py:190: in greenlet_spawn
    result = context.switch(*args, **kwargs)
             ^^^^^^^^^^^^^^^^^^^^^^^^^^^^^^^
../pizzasaleapi_venv/lib/python3.12/site-packages/sqlalchemy/orm/session.py:2373: in execute
    return self._execute_internal(
../pizzasaleapi_venv/lib/python3.12/site-packages/sqlalchemy/orm/session.py:2271: in _execute_internal
    result: Result[Any] = compile_state_cls.orm_execute_statement(
../pizzasaleapi_venv/lib/python3.12/site-packages/sqlalchemy/orm/context.py:306: in orm_execute_statement
    result = conn.execute(
../pizzasaleapi_venv/lib/python3.12/site-packages/sqlalchemy/engine/base.py:1421: in execute
    return meth(
../pizzasaleapi_venv/lib/python3.12/site-packages/sqlalchemy/sql/elements.py:526: in _execute_on_connection
    return connection._execute_clauseelement(
../pizzasaleapi_venv/lib/python3.12/site-packages/sqlalchemy/engine/base.py:1643: in _execute_clauseelement
    ret = self._execute_context(
../pizzasaleapi_venv/lib/python3.12/site-packages/sqlalchemy/engine/base.py:1823: in _execute_context
    self._handle_dbapi_exception(
../pizzasaleapi_venv/lib/python3.12/site-packages/sqlalchemy/engine/base.py:2365: in _handle_dbapi_exception
    raise sqlalchemy_exception.with_traceback(exc_info[2]) from e
../pizzasaleapi_venv/lib/python3.12/site-packages/sqlalchemy/engine/base.py:1817: in _execute_context
    context = constructor(
../pizzasaleapi_venv/lib/python3.12/site-packages/sqlalchemy/engine/default.py:1496: in _init_compiled
    flattened_processors[key](compiled_params[key])
_ _ _ _ _ _ _ _ _ _ _ _ _ _ _ _ _ _ _ _ _ _ _ _ _ _ _ _ _ _ _ _ _ _ _ _ _ _ _ _ 

value = '019f0ff9-a606-74f2-9bdd-7c6049df500d'

    def process(value):
        if value is not None:
>           value = value.hex
                    ^^^^^^^^^
E           sqlalchemy.exc.StatementError: (builtins.AttributeError) 'str' object has no attribute 'hex'
E           [SQL: SELECT products.id, products.category_id, products.name, products.description, products.is_available, products.created_at, products.updated_at 
E           FROM products 
E           WHERE products.id = ?]
E           [parameters: [{}]]

../pizzasaleapi_venv/lib/python3.12/site-packages/sqlalchemy/sql/sqltypes.py:3734: StatementError
____________________ TestProductService.test_update_product ____________________

self = <sqlalchemy.engine.base.Connection object at 0x71270b2f8a10>
dialect = <sqlalchemy.dialects.sqlite.aiosqlite.SQLiteDialect_aiosqlite object at 0x712713f18620>
constructor = <bound method DefaultExecutionContext._init_compiled of <class 'sqlalchemy.dialects.sqlite.aiosqlite.SQLiteExecutionContext_aiosqlite'>>
statement = <sqlalchemy.dialects.sqlite.base.SQLiteCompiler object at 0x7127104219d0>
parameters = [{}]
execution_options = immutabledict({'prebuffer_rows': True, '_result_disable_adapt_to_context': True})
args = (<sqlalchemy.dialects.sqlite.base.SQLiteCompiler object at 0x7127104219d0>, [{}], <sqlalchemy.sql.selectable.Select object at 0x71270b2f8770>, [BindParameter('%(124412505326224 id)s', '019f0ff9-a8d1-73b2-98d3-fafb3dcb904c', type_=UUID())])
kw = {'cache_hit': <CacheStats.CACHE_HIT: 0>}

    def _execute_context(
        self,
        dialect: Dialect,
        constructor: Callable[..., ExecutionContext],
        statement: Union[str, Compiled],
        parameters: Optional[_AnyMultiExecuteParams],
        execution_options: _ExecuteOptions,
        *args: Any,
        **kw: Any,
    ) -> CursorResult[Any]:
        """Create an :class:`.ExecutionContext` and execute, returning
        a :class:`_engine.CursorResult`."""
    
        if execution_options:
            yp = execution_options.get("yield_per", None)
            if yp:
                execution_options = execution_options.union(
                    {"stream_results": True, "max_row_buffer": yp}
                )
        try:
            conn = self._dbapi_connection
            if conn is None:
                conn = self._revalidate_connection()
    
>           context = constructor(
                dialect, self, conn, execution_options, *args, **kw
            )

../pizzasaleapi_venv/lib/python3.12/site-packages/sqlalchemy/engine/base.py:1817: 
_ _ _ _ _ _ _ _ _ _ _ _ _ _ _ _ _ _ _ _ _ _ _ _ _ _ _ _ _ _ _ _ _ _ _ _ _ _ _ _ 
../pizzasaleapi_venv/lib/python3.12/site-packages/sqlalchemy/engine/default.py:1496: in _init_compiled
    flattened_processors[key](compiled_params[key])
_ _ _ _ _ _ _ _ _ _ _ _ _ _ _ _ _ _ _ _ _ _ _ _ _ _ _ _ _ _ _ _ _ _ _ _ _ _ _ _ 

value = '019f0ff9-a8d1-73b2-98d3-fafb3dcb904c'

    def process(value):
        if value is not None:
>           value = value.hex
                    ^^^^^^^^^
E           AttributeError: 'str' object has no attribute 'hex'

../pizzasaleapi_venv/lib/python3.12/site-packages/sqlalchemy/sql/sqltypes.py:3734: AttributeError

The above exception was the direct cause of the following exception:

self = <test_product_service.TestProductService object at 0x712711c09160>
db = <sqlalchemy.orm.session.AsyncSession object at 0x71270b2f8fb0>

    async def test_update_product(self, db):
>       product = await ProductService.create_product(db, self._product_data())
                  ^^^^^^^^^^^^^^^^^^^^^^^^^^^^^^^^^^^^^^^^^^^^^^^^^^^^^^^^^^^^^

tests/test_product_service.py:151: 
_ _ _ _ _ _ _ _ _ _ _ _ _ _ _ _ _ _ _ _ _ _ _ _ _ _ _ _ _ _ _ _ _ _ _ _ _ _ _ _ 
app/services/product_service.py:51: in create_product
    return await ProductService.get_product(db, str(product.id))
           ^^^^^^^^^^^^^^^^^^^^^^^^^^^^^^^^^^^^^^^^^^^^^^^^^^^^^
app/services/product_service.py:28: in get_product
    result = await db.execute(
../pizzasaleapi_venv/lib/python3.12/site-packages/sqlalchemy/ext/asyncio/session.py:448: in execute
    result = await greenlet_spawn(
../pizzasaleapi_venv/lib/python3.12/site-packages/sqlalchemy/util/_concurrency_py3k.py:190: in greenlet_spawn
    result = context.switch(*args, **kwargs)
             ^^^^^^^^^^^^^^^^^^^^^^^^^^^^^^^
../pizzasaleapi_venv/lib/python3.12/site-packages/sqlalchemy/orm/session.py:2373: in execute
    return self._execute_internal(
../pizzasaleapi_venv/lib/python3.12/site-packages/sqlalchemy/orm/session.py:2271: in _execute_internal
    result: Result[Any] = compile_state_cls.orm_execute_statement(
../pizzasaleapi_venv/lib/python3.12/site-packages/sqlalchemy/orm/context.py:306: in orm_execute_statement
    result = conn.execute(
../pizzasaleapi_venv/lib/python3.12/site-packages/sqlalchemy/engine/base.py:1421: in execute
    return meth(
../pizzasaleapi_venv/lib/python3.12/site-packages/sqlalchemy/sql/elements.py:526: in _execute_on_connection
    return connection._execute_clauseelement(
../pizzasaleapi_venv/lib/python3.12/site-packages/sqlalchemy/engine/base.py:1643: in _execute_clauseelement
    ret = self._execute_context(
../pizzasaleapi_venv/lib/python3.12/site-packages/sqlalchemy/engine/base.py:1823: in _execute_context
    self._handle_dbapi_exception(
../pizzasaleapi_venv/lib/python3.12/site-packages/sqlalchemy/engine/base.py:2365: in _handle_dbapi_exception
    raise sqlalchemy_exception.with_traceback(exc_info[2]) from e
../pizzasaleapi_venv/lib/python3.12/site-packages/sqlalchemy/engine/base.py:1817: in _execute_context
    context = constructor(
../pizzasaleapi_venv/lib/python3.12/site-packages/sqlalchemy/engine/default.py:1496: in _init_compiled
    flattened_processors[key](compiled_params[key])
_ _ _ _ _ _ _ _ _ _ _ _ _ _ _ _ _ _ _ _ _ _ _ _ _ _ _ _ _ _ _ _ _ _ _ _ _ _ _ _ 

value = '019f0ff9-a8d1-73b2-98d3-fafb3dcb904c'

    def process(value):
        if value is not None:
>           value = value.hex
                    ^^^^^^^^^
E           sqlalchemy.exc.StatementError: (builtins.AttributeError) 'str' object has no attribute 'hex'
E           [SQL: SELECT products.id, products.category_id, products.name, products.description, products.is_available, products.created_at, products.updated_at 
E           FROM products 
E           WHERE products.id = ?]
E           [parameters: [{}]]

../pizzasaleapi_venv/lib/python3.12/site-packages/sqlalchemy/sql/sqltypes.py:3734: StatementError
____________________ TestProductService.test_delete_product ____________________

self = <sqlalchemy.engine.base.Connection object at 0x71270b2fb140>
dialect = <sqlalchemy.dialects.sqlite.aiosqlite.SQLiteDialect_aiosqlite object at 0x712713f18620>
constructor = <bound method DefaultExecutionContext._init_compiled of <class 'sqlalchemy.dialects.sqlite.aiosqlite.SQLiteExecutionContext_aiosqlite'>>
statement = <sqlalchemy.dialects.sqlite.base.SQLiteCompiler object at 0x7127104219d0>
parameters = [{}]
execution_options = immutabledict({'prebuffer_rows': True, '_result_disable_adapt_to_context': True})
args = (<sqlalchemy.dialects.sqlite.base.SQLiteCompiler object at 0x7127104219d0>, [{}], <sqlalchemy.sql.selectable.Select object at 0x71270b2fa1e0>, [BindParameter('%(124412505330928 id)s', '019f0ff9-abbf-76e2-854a-447cd931a89c', type_=UUID())])
kw = {'cache_hit': <CacheStats.CACHE_HIT: 0>}

    def _execute_context(
        self,
        dialect: Dialect,
        constructor: Callable[..., ExecutionContext],
        statement: Union[str, Compiled],
        parameters: Optional[_AnyMultiExecuteParams],
        execution_options: _ExecuteOptions,
        *args: Any,
        **kw: Any,
    ) -> CursorResult[Any]:
        """Create an :class:`.ExecutionContext` and execute, returning
        a :class:`_engine.CursorResult`."""
    
        if execution_options:
            yp = execution_options.get("yield_per", None)
            if yp:
                execution_options = execution_options.union(
                    {"stream_results": True, "max_row_buffer": yp}
                )
        try:
            conn = self._dbapi_connection
            if conn is None:
                conn = self._revalidate_connection()
    
>           context = constructor(
                dialect, self, conn, execution_options, *args, **kw
            )

../pizzasaleapi_venv/lib/python3.12/site-packages/sqlalchemy/engine/base.py:1817: 
_ _ _ _ _ _ _ _ _ _ _ _ _ _ _ _ _ _ _ _ _ _ _ _ _ _ _ _ _ _ _ _ _ _ _ _ _ _ _ _ 
../pizzasaleapi_venv/lib/python3.12/site-packages/sqlalchemy/engine/default.py:1496: in _init_compiled
    flattened_processors[key](compiled_params[key])
_ _ _ _ _ _ _ _ _ _ _ _ _ _ _ _ _ _ _ _ _ _ _ _ _ _ _ _ _ _ _ _ _ _ _ _ _ _ _ _ 

value = '019f0ff9-abbf-76e2-854a-447cd931a89c'

    def process(value):
        if value is not None:
>           value = value.hex
                    ^^^^^^^^^
E           AttributeError: 'str' object has no attribute 'hex'

../pizzasaleapi_venv/lib/python3.12/site-packages/sqlalchemy/sql/sqltypes.py:3734: AttributeError

The above exception was the direct cause of the following exception:

self = <test_product_service.TestProductService object at 0x712711c08380>
db = <sqlalchemy.orm.session.AsyncSession object at 0x71270b2fb680>

    async def test_delete_product(self, db):
>       product = await ProductService.create_product(db, self._product_data())
                  ^^^^^^^^^^^^^^^^^^^^^^^^^^^^^^^^^^^^^^^^^^^^^^^^^^^^^^^^^^^^^

tests/test_product_service.py:159: 
_ _ _ _ _ _ _ _ _ _ _ _ _ _ _ _ _ _ _ _ _ _ _ _ _ _ _ _ _ _ _ _ _ _ _ _ _ _ _ _ 
app/services/product_service.py:51: in create_product
    return await ProductService.get_product(db, str(product.id))
           ^^^^^^^^^^^^^^^^^^^^^^^^^^^^^^^^^^^^^^^^^^^^^^^^^^^^^
app/services/product_service.py:28: in get_product
    result = await db.execute(
../pizzasaleapi_venv/lib/python3.12/site-packages/sqlalchemy/ext/asyncio/session.py:448: in execute
    result = await greenlet_spawn(
../pizzasaleapi_venv/lib/python3.12/site-packages/sqlalchemy/util/_concurrency_py3k.py:190: in greenlet_spawn
    result = context.switch(*args, **kwargs)
             ^^^^^^^^^^^^^^^^^^^^^^^^^^^^^^^
../pizzasaleapi_venv/lib/python3.12/site-packages/sqlalchemy/orm/session.py:2373: in execute
    return self._execute_internal(
../pizzasaleapi_venv/lib/python3.12/site-packages/sqlalchemy/orm/session.py:2271: in _execute_internal
    result: Result[Any] = compile_state_cls.orm_execute_statement(
../pizzasaleapi_venv/lib/python3.12/site-packages/sqlalchemy/orm/context.py:306: in orm_execute_statement
    result = conn.execute(
../pizzasaleapi_venv/lib/python3.12/site-packages/sqlalchemy/engine/base.py:1421: in execute
    return meth(
../pizzasaleapi_venv/lib/python3.12/site-packages/sqlalchemy/sql/elements.py:526: in _execute_on_connection
    return connection._execute_clauseelement(
../pizzasaleapi_venv/lib/python3.12/site-packages/sqlalchemy/engine/base.py:1643: in _execute_clauseelement
    ret = self._execute_context(
../pizzasaleapi_venv/lib/python3.12/site-packages/sqlalchemy/engine/base.py:1823: in _execute_context
    self._handle_dbapi_exception(
../pizzasaleapi_venv/lib/python3.12/site-packages/sqlalchemy/engine/base.py:2365: in _handle_dbapi_exception
    raise sqlalchemy_exception.with_traceback(exc_info[2]) from e
../pizzasaleapi_venv/lib/python3.12/site-packages/sqlalchemy/engine/base.py:1817: in _execute_context
    context = constructor(
../pizzasaleapi_venv/lib/python3.12/site-packages/sqlalchemy/engine/default.py:1496: in _init_compiled
    flattened_processors[key](compiled_params[key])
_ _ _ _ _ _ _ _ _ _ _ _ _ _ _ _ _ _ _ _ _ _ _ _ _ _ _ _ _ _ _ _ _ _ _ _ _ _ _ _ 

value = '019f0ff9-abbf-76e2-854a-447cd931a89c'

    def process(value):
        if value is not None:
>           value = value.hex
                    ^^^^^^^^^
E           sqlalchemy.exc.StatementError: (builtins.AttributeError) 'str' object has no attribute 'hex'
E           [SQL: SELECT products.id, products.category_id, products.name, products.description, products.is_available, products.created_at, products.updated_at 
E           FROM products 
E           WHERE products.id = ?]
E           [parameters: [{}]]

../pizzasaleapi_venv/lib/python3.12/site-packages/sqlalchemy/sql/sqltypes.py:3734: StatementError
=============================== warnings summary ===============================
app/schemas/product_schema.py:29
  /home/uche-nnodim/pizzasale_api/product-service/app/schemas/product_schema.py:29: PydanticDeprecatedSince20: Support for class-based `config` is deprecated, use ConfigDict instead. Deprecated in Pydantic V2.0 to be removed in V3.0. See Pydantic V2 Migration Guide at https://errors.pydantic.dev/2.13/migration/
    class CategoryResponse(BaseModel):

app/schemas/product_schema.py:52
  /home/uche-nnodim/pizzasale_api/product-service/app/schemas/product_schema.py:52: PydanticDeprecatedSince20: Support for class-based `config` is deprecated, use ConfigDict instead. Deprecated in Pydantic V2.0 to be removed in V3.0. See Pydantic V2 Migration Guide at https://errors.pydantic.dev/2.13/migration/
    class ProductVariantResponse(BaseModel):

app/schemas/product_schema.py:79
  /home/uche-nnodim/pizzasale_api/product-service/app/schemas/product_schema.py:79: PydanticDeprecatedSince20: Support for class-based `config` is deprecated, use ConfigDict instead. Deprecated in Pydantic V2.0 to be removed in V3.0. See Pydantic V2 Migration Guide at https://errors.pydantic.dev/2.13/migration/
    class ProductResponse(BaseModel):

tests/test_category_routes.py: 66 warnings
tests/test_product_routes.py: 117 warnings
  /home/uche-nnodim/pizzasale_api/pizzasaleapi_venv/lib/python3.12/site-packages/jwt/api_jwt.py:125: DeprecationWarning: datetime.datetime.utcnow() is deprecated and scheduled for removal in a future version. Use timezone-aware objects to represent datetimes in UTC: datetime.datetime.now(datetime.UTC).
    now = timegm(datetime.utcnow().utctimetuple())

-- Docs: https://docs.pytest.org/en/stable/how-to/capture-warnings.html
=========================== short test summary info ============================
FAILED tests/test_category_routes.py::TestGetCategory::test_get_existing_category_200
FAILED tests/test_category_routes.py::TestGetCategory::test_get_nonexistent_category_404
FAILED tests/test_category_routes.py::TestUpdateCategory::test_staff_can_patch
FAILED tests/test_category_routes.py::TestUpdateCategory::test_patch_partial_leaves_other_fields
FAILED tests/test_category_routes.py::TestUpdateCategory::test_patch_nonexistent_404
FAILED tests/test_category_routes.py::TestDeleteCategory::test_staff_can_delete_204
FAILED tests/test_category_routes.py::TestDeleteCategory::test_delete_removes_category
FAILED tests/test_category_routes.py::TestDeleteCategory::test_delete_nonexistent_404
FAILED tests/test_product_routes.py::TestListProducts::test_returns_available_products
FAILED tests/test_product_routes.py::TestListProducts::test_unavailable_products_excluded
FAILED tests/test_product_routes.py::TestListProducts::test_filter_by_category_id
FAILED tests/test_product_routes.py::TestListProducts::test_response_includes_variants
FAILED tests/test_product_routes.py::TestGetProduct::test_get_existing_product_200
FAILED tests/test_product_routes.py::TestGetProduct::test_get_product_includes_variants
FAILED tests/test_product_routes.py::TestGetProduct::test_get_nonexistent_product_404
FAILED tests/test_product_routes.py::TestCreateProduct::test_staff_creates_product_with_variants_201
FAILED tests/test_product_routes.py::TestUpdateProduct::test_staff_patch_name
FAILED tests/test_product_routes.py::TestUpdateProduct::test_patch_availability
FAILED tests/test_product_routes.py::TestUpdateProduct::test_patch_nonexistent_404
FAILED tests/test_product_routes.py::TestUpdateProduct::test_non_staff_patch_403
FAILED tests/test_product_routes.py::TestDeleteProduct::test_staff_delete_204
FAILED tests/test_product_routes.py::TestDeleteProduct::test_delete_removes_product
FAILED tests/test_product_routes.py::TestDeleteProduct::test_delete_cascades_to_variants
FAILED tests/test_product_routes.py::TestDeleteProduct::test_delete_nonexistent_404
FAILED tests/test_product_routes.py::TestDeleteProduct::test_non_staff_delete_403
FAILED tests/test_product_service.py::TestProductService::test_create_product_with_variants
FAILED tests/test_product_service.py::TestProductService::test_list_returns_available_only
FAILED tests/test_product_service.py::TestProductService::test_list_filter_by_category
FAILED tests/test_product_service.py::TestProductService::test_get_product_includes_variants
FAILED tests/test_product_service.py::TestProductService::test_update_product
FAILED tests/test_product_service.py::TestProductService::test_delete_product
================= 31 failed, 25 passed, 186 warnings in 47.57s =================
