============================= test session starts ==============================
platform linux -- Python 3.12.3, pytest-9.1.1, pluggy-1.6.0 -- /home/uche-nnodim/pizzasale_api/pizzasaleapi_venv/bin/python3
cachedir: .pytest_cache
rootdir: /home/uche-nnodim/pizzasale_api/auth-service
plugins: anyio-4.14.1, asyncio-1.4.0
asyncio: mode=Mode.STRICT, debug=False, asyncio_default_fixture_loop_scope=None, asyncio_default_test_loop_scope=function
collecting ... collected 78 items

tests/test_auth_routes.py::TestRegisterRoute::test_register_success_201 PASSED [  1%]
tests/test_auth_routes.py::TestRegisterRoute::test_register_duplicate_username_409 PASSED [  2%]
tests/test_auth_routes.py::TestRegisterRoute::test_register_duplicate_email_409 PASSED [  3%]
tests/test_auth_routes.py::TestRegisterRoute::test_register_email_failure_returns_201_with_detail PASSED [  5%]
tests/test_auth_routes.py::TestRegisterRoute::test_register_weak_password_422 PASSED [  6%]
tests/test_auth_routes.py::TestRegisterRoute::test_register_invalid_email_422 PASSED [  7%]
tests/test_auth_routes.py::TestRegisterRoute::test_register_missing_field_422 PASSED [  8%]
tests/test_auth_routes.py::TestVerifyEmailRoute::test_verify_email_activates_user PASSED [ 10%]
tests/test_auth_routes.py::TestVerifyEmailRoute::test_verify_invalid_token_400 PASSED [ 11%]
tests/test_auth_routes.py::TestVerifyEmailRoute::test_verify_unknown_email_token_404 PASSED [ 12%]
tests/test_auth_routes.py::TestLoginRoute::test_login_returns_tokens PASSED [ 14%]
tests/test_auth_routes.py::TestLoginRoute::test_login_wrong_password_401 PASSED [ 15%]
tests/test_auth_routes.py::TestLoginRoute::test_login_unverified_user_403 PASSED [ 16%]
tests/test_auth_routes.py::TestLoginRoute::test_login_nonexistent_user_401 PASSED [ 17%]
tests/test_auth_routes.py::TestRefreshRoute::test_refresh_returns_new_access_token PASSED [ 19%]
tests/test_auth_routes.py::TestRefreshRoute::test_refresh_with_access_token_fails PASSED [ 20%]
tests/test_auth_routes.py::TestRefreshRoute::test_refresh_without_token_fails PASSED [ 21%]
tests/test_auth_service.py::TestAuthServiceRegister::test_register_creates_user PASSED [ 23%]
tests/test_auth_service.py::TestAuthServiceRegister::test_register_publishes_event PASSED [ 24%]
tests/test_auth_service.py::TestAuthServiceRegister::test_duplicate_username_raises_auth_error PASSED [ 25%]
tests/test_auth_service.py::TestAuthServiceRegister::test_duplicate_email_raises_auth_error PASSED [ 26%]
tests/test_auth_service.py::TestAuthServiceRegister::test_publish_failure_does_not_raise PASSED [ 28%]
tests/test_auth_service.py::TestAuthServiceAuthenticate::test_correct_credentials_returns_user PASSED [ 29%]
tests/test_auth_service.py::TestAuthServiceAuthenticate::test_wrong_password_returns_none PASSED [ 30%]
tests/test_auth_service.py::TestAuthServiceAuthenticate::test_nonexistent_username_returns_none PASSED [ 32%]
tests/test_auth_service.py::TestActivateUser::test_activate_returns_true PASSED [ 33%]
tests/test_auth_service.py::TestActivateUser::test_activate_sets_is_active PASSED [ 34%]
tests/test_auth_service.py::TestActivateUser::test_activate_unknown_email_returns_false PASSED [ 35%]
tests/test_auth_service.py::TestActivateUser::test_activate_already_active_is_idempotent PASSED [ 37%]
tests/test_schemas_and_security.py::TestPasswordValidator::test_valid_password_passes PASSED [ 38%]
tests/test_schemas_and_security.py::TestPasswordValidator::test_too_short_raises PASSED [ 39%]
tests/test_schemas_and_security.py::TestPasswordValidator::test_no_uppercase_raises PASSED [ 41%]
tests/test_schemas_and_security.py::TestPasswordValidator::test_no_digit_raises PASSED [ 42%]
tests/test_schemas_and_security.py::TestPasswordValidator::test_no_special_char_raises PASSED [ 43%]
tests/test_schemas_and_security.py::TestPasswordValidator::test_exactly_8_chars_passes PASSED [ 44%]
tests/test_schemas_and_security.py::TestPasswordValidator::test_various_special_chars_accepted[!] PASSED [ 46%]
tests/test_schemas_and_security.py::TestPasswordValidator::test_various_special_chars_accepted[@] PASSED [ 47%]
tests/test_schemas_and_security.py::TestPasswordValidator::test_various_special_chars_accepted[#] PASSED [ 48%]
tests/test_schemas_and_security.py::TestPasswordValidator::test_various_special_chars_accepted[$] PASSED [ 50%]
tests/test_schemas_and_security.py::TestPasswordValidator::test_various_special_chars_accepted[%] PASSED [ 51%]
tests/test_schemas_and_security.py::TestPasswordValidator::test_various_special_chars_accepted[^] PASSED [ 52%]
tests/test_schemas_and_security.py::TestPasswordValidator::test_various_special_chars_accepted[&] PASSED [ 53%]
tests/test_schemas_and_security.py::TestPasswordValidator::test_various_special_chars_accepted[*] PASSED [ 55%]
tests/test_schemas_and_security.py::TestPasswordValidator::test_various_special_chars_accepted[(] PASSED [ 56%]
tests/test_schemas_and_security.py::TestPasswordValidator::test_various_special_chars_accepted[)] PASSED [ 57%]
tests/test_schemas_and_security.py::TestPasswordValidator::test_various_special_chars_accepted[,] PASSED [ 58%]
tests/test_schemas_and_security.py::TestPasswordValidator::test_various_special_chars_accepted[.] PASSED [ 60%]
tests/test_schemas_and_security.py::TestPasswordValidator::test_various_special_chars_accepted[?] PASSED [ 61%]
tests/test_schemas_and_security.py::TestPasswordValidator::test_various_special_chars_accepted["] PASSED [ 62%]
tests/test_schemas_and_security.py::TestPasswordValidator::test_various_special_chars_accepted[:] PASSED [ 64%]
tests/test_schemas_and_security.py::TestPasswordValidator::test_various_special_chars_accepted[{] PASSED [ 65%]
tests/test_schemas_and_security.py::TestPasswordValidator::test_various_special_chars_accepted[}] PASSED [ 66%]
tests/test_schemas_and_security.py::TestPasswordValidator::test_various_special_chars_accepted[|] PASSED [ 67%]
tests/test_schemas_and_security.py::TestPasswordValidator::test_various_special_chars_accepted[<] PASSED [ 69%]
tests/test_schemas_and_security.py::TestPasswordValidator::test_various_special_chars_accepted[>] PASSED [ 70%]
tests/test_schemas_and_security.py::TestPasswordValidator::test_various_special_chars_accepted[_] PASSED [ 71%]
tests/test_schemas_and_security.py::TestPasswordValidator::test_various_special_chars_accepted[-] PASSED [ 73%]
tests/test_schemas_and_security.py::TestPasswordValidator::test_various_special_chars_accepted[+] PASSED [ 74%]
tests/test_schemas_and_security.py::TestPasswordValidator::test_various_special_chars_accepted[=] PASSED [ 75%]
tests/test_schemas_and_security.py::TestPasswordValidator::test_various_special_chars_accepted[[] PASSED [ 76%]
tests/test_schemas_and_security.py::TestPasswordValidator::test_various_special_chars_accepted[]] PASSED [ 78%]
tests/test_schemas_and_security.py::TestPasswordValidator::test_various_special_chars_accepted[\\] PASSED [ 79%]
tests/test_schemas_and_security.py::TestPasswordValidator::test_various_special_chars_accepted[;] PASSED [ 80%]
tests/test_schemas_and_security.py::TestPasswordValidator::test_various_special_chars_accepted['] PASSED [ 82%]
tests/test_schemas_and_security.py::TestPasswordValidator::test_various_special_chars_accepted[`] PASSED [ 83%]
tests/test_schemas_and_security.py::TestPasswordValidator::test_various_special_chars_accepted[~] PASSED [ 84%]
tests/test_schemas_and_security.py::TestSignUpModel::test_valid_signup PASSED [ 85%]
tests/test_schemas_and_security.py::TestSignUpModel::test_invalid_email_rejected PASSED [ 87%]
tests/test_schemas_and_security.py::TestSignUpModel::test_weak_password_rejected PASSED [ 88%]
tests/test_schemas_and_security.py::TestSignUpModel::test_password_stored_as_provided PASSED [ 89%]
tests/test_schemas_and_security.py::TestSecurity::test_hash_is_not_plaintext PASSED [ 91%]
tests/test_schemas_and_security.py::TestSecurity::test_verify_correct_password PASSED [ 92%]
tests/test_schemas_and_security.py::TestSecurity::test_verify_wrong_password PASSED [ 93%]
tests/test_schemas_and_security.py::TestSecurity::test_two_hashes_of_same_password_differ PASSED [ 94%]
tests/test_schemas_and_security.py::TestSecurity::test_hash_is_string PASSED [ 96%]
tests/test_schemas_and_security.py::TestVerificationToken::test_round_trip PASSED [ 97%]
tests/test_schemas_and_security.py::TestVerificationToken::test_tampered_token_returns_none PASSED [ 98%]
tests/test_schemas_and_security.py::TestVerificationToken::test_empty_token_returns_none PASSED [100%]

=============================== warnings summary ===============================
tests/test_auth_routes.py::TestRefreshRoute::test_refresh_returns_new_access_token
tests/test_auth_routes.py::TestRefreshRoute::test_refresh_returns_new_access_token
tests/test_auth_routes.py::TestRefreshRoute::test_refresh_returns_new_access_token
tests/test_auth_routes.py::TestRefreshRoute::test_refresh_with_access_token_fails
tests/test_auth_routes.py::TestRefreshRoute::test_refresh_with_access_token_fails
  /home/uche-nnodim/pizzasale_api/pizzasaleapi_venv/lib/python3.12/site-packages/jwt/api_jwt.py:125: DeprecationWarning: datetime.datetime.utcnow() is deprecated and scheduled for removal in a future version. Use timezone-aware objects to represent datetimes in UTC: datetime.datetime.now(datetime.UTC).
    now = timegm(datetime.utcnow().utctimetuple())

-- Docs: https://docs.pytest.org/en/stable/how-to/capture-warnings.html
======================= 78 passed, 5 warnings in 12.86s ========================
